<?xml version="1.0" encoding="UTF-8" ?>
<testsuite errors="1" failures="0" hostname="YASIN-PC" name="minicopier.i18n.Language" skipped="0" tests="1" time="0.016" timestamp="2017-08-13T13:06:17">
  <properties>
[...]
</properties>
  <testcase classname="minicopier.i18n.Language" name="initializationError" time="0.0">
    <error message="No runnable methods" type="java.lang.Exception">java.lang.Exception: No runnable methods
	at java.lang.reflect.Constructor.newInstance(Constructor.java:423)
</error>
  </testcase>
  <system-out><![CDATA[18:36:17,417 |-INFO in ch.qos.logback.classic.LoggerContext[default] - Could NOT find resource [logback.groovy]
18:36:17,417 |-INFO in ch.qos.logback.classic.LoggerContext[default] - Could NOT find resource [logback-test.xml]
18:36:17,418 |-INFO in ch.qos.logback.classic.LoggerContext[default] - Found resource [logback.xml] at [jar:file:/C:/Users/YASIN/github/java_dummy01/cobertura/cobertura-2.1.1-sources.jar!/logback.xml]
18:36:17,418 |-WARN in ch.qos.logback.classic.LoggerContext[default] - Resource [logback.xml] occurs multiple times on the classpath.
18:36:17,418 |-WARN in ch.qos.logback.classic.LoggerContext[default] - Resource [logback.xml] occurs at [jar:file:/C:/Users/YASIN/github/java_dummy01/cobertura/cobertura-2.1.1-sources.jar!/logback.xml]
18:36:17,418 |-WARN in ch.qos.logback.classic.LoggerContext[default] - Resource [logback.xml] occurs at [jar:file:/C:/Users/YASIN/github/java_dummy01/cobertura/cobertura-2.1.1.jar!/logback.xml]
18:36:17,434 |-INFO in ch.qos.logback.core.joran.spi.ConfigurationWatchList@28864e92 - URL [jar:file:/C:/Users/YASIN/github/java_dummy01/cobertura/cobertura-2.1.1-sources.jar!/logback.xml] is not of type file
18:36:17,481 |-INFO in ch.qos.logback.classic.joran.action.ConfigurationAction - debug attribute not set
18:36:17,496 |-INFO in ch.qos.logback.core.joran.action.AppenderAction - About to instantiate appender of type [ch.qos.logback.core.ConsoleAppender]
18:36:17,512 |-INFO in ch.qos.logback.core.joran.action.AppenderAction - Naming appender as [STDOUT]
18:36:17,543 |-INFO in ch.qos.logback.core.joran.action.NestedComplexPropertyIA - Assuming default type [ch.qos.logback.classic.encoder.PatternLayoutEncoder] for [encoder] property
18:36:17,590 |-INFO in ch.qos.logback.classic.joran.action.LoggerAction - Setting level of logger [net.sourceforge.cobertura] to INFO
18:36:17,590 |-INFO in ch.qos.logback.classic.joran.action.RootLoggerAction - Setting level of ROOT logger to DEBUG
18:36:17,590 |-INFO in ch.qos.logback.core.joran.action.AppenderRefAction - Attaching appender named [STDOUT] to Logger[ROOT]
18:36:17,590 |-INFO in ch.qos.logback.classic.joran.action.ConfigurationAction - End of configuration.
18:36:17,590 |-INFO in ch.qos.logback.classic.joran.JoranConfigurator@6ea6d14e - Registering current configuration as safe fallback point

]]></system-out>
  <system-err><![CDATA[]]></system-err>
</testsuite>
