<?xml version="1.0" encoding="UTF-8" ?>
<testsuites>
  <testsuite errors="1" failures="0" hostname="YASIN-PC" id="0" name="Basket" package="minicopier" skipped="0" tests="1" time="0.031" timestamp="2017-08-13T13:05:44">
      <properties>
[...]
</properties>

      <testcase classname="minicopier.Basket" name="initializationError" time="0.015">
          <error message="No runnable methods" type="java.lang.Exception">java.lang.Exception: No runnable methods
	at java.lang.reflect.Constructor.newInstance(Constructor.java:423)
</error>

      </testcase>

      <system-out><![CDATA[18:35:44,272 |-INFO in ch.qos.logback.classic.LoggerContext[default] - Could NOT find resource [logback.groovy]
18:35:44,272 |-INFO in ch.qos.logback.classic.LoggerContext[default] - Could NOT find resource [logback-test.xml]
18:35:44,272 |-INFO in ch.qos.logback.classic.LoggerContext[default] - Found resource [logback.xml] at [jar:file:/C:/Users/YASIN/github/java_dummy01/cobertura/cobertura-2.1.1-sources.jar!/logback.xml]
18:35:44,272 |-WARN in ch.qos.logback.classic.LoggerContext[default] - Resource [logback.xml] occurs multiple times on the classpath.
18:35:44,272 |-WARN in ch.qos.logback.classic.LoggerContext[default] - Resource [logback.xml] occurs at [jar:file:/C:/Users/YASIN/github/java_dummy01/cobertura/cobertura-2.1.1-sources.jar!/logback.xml]
18:35:44,272 |-WARN in ch.qos.logback.classic.LoggerContext[default] - Resource [logback.xml] occurs at [jar:file:/C:/Users/YASIN/github/java_dummy01/cobertura/cobertura-2.1.1.jar!/logback.xml]
18:35:44,287 |-INFO in ch.qos.logback.core.joran.spi.ConfigurationWatchList@28864e92 - URL [jar:file:/C:/Users/YASIN/github/java_dummy01/cobertura/cobertura-2.1.1-sources.jar!/logback.xml] is not of type file
18:35:44,334 |-INFO in ch.qos.logback.classic.joran.action.ConfigurationAction - debug attribute not set
18:35:44,350 |-INFO in ch.qos.logback.core.joran.action.AppenderAction - About to instantiate appender of type [ch.qos.logback.core.ConsoleAppender]
18:35:44,365 |-INFO in ch.qos.logback.core.joran.action.AppenderAction - Naming appender as [STDOUT]
18:35:44,396 |-INFO in ch.qos.logback.core.joran.action.NestedComplexPropertyIA - Assuming default type [ch.qos.logback.classic.encoder.PatternLayoutEncoder] for [encoder] property
18:35:44,443 |-INFO in ch.qos.logback.classic.joran.action.LoggerAction - Setting level of logger [net.sourceforge.cobertura] to INFO
18:35:44,443 |-INFO in ch.qos.logback.classic.joran.action.RootLoggerAction - Setting level of ROOT logger to DEBUG
18:35:44,443 |-INFO in ch.qos.logback.core.joran.action.AppenderRefAction - Attaching appender named [STDOUT] to Logger[ROOT]
18:35:44,443 |-INFO in ch.qos.logback.classic.joran.action.ConfigurationAction - End of configuration.
18:35:44,443 |-INFO in ch.qos.logback.classic.joran.JoranConfigurator@6ea6d14e - Registering current configuration as safe fallback point

]]></system-out>

      <system-err><![CDATA[]]></system-err>

  </testsuite>
  <testsuite errors="1" failures="0" hostname="YASIN-PC" id="1" name="Configuration" package="minicopier" skipped="0" tests="1" time="0.016" timestamp="2017-08-13T13:05:46">
      <properties>
[...]
</properties>

      <testcase classname="minicopier.Configuration" name="initializationError" time="0.0">
          <error message="No runnable methods" type="java.lang.Exception">java.lang.Exception: No runnable methods
	at java.lang.reflect.Constructor.newInstance(Constructor.java:423)
</error>

      </testcase>

      <system-out><![CDATA[18:35:46,241 |-INFO in ch.qos.logback.classic.LoggerContext[default] - Could NOT find resource [logback.groovy]
18:35:46,241 |-INFO in ch.qos.logback.classic.LoggerContext[default] - Could NOT find resource [logback-test.xml]
18:35:46,241 |-INFO in ch.qos.logback.classic.LoggerContext[default] - Found resource [logback.xml] at [jar:file:/C:/Users/YASIN/github/java_dummy01/cobertura/cobertura-2.1.1-sources.jar!/logback.xml]
18:35:46,241 |-WARN in ch.qos.logback.classic.LoggerContext[default] - Resource [logback.xml] occurs multiple times on the classpath.
18:35:46,241 |-WARN in ch.qos.logback.classic.LoggerContext[default] - Resource [logback.xml] occurs at [jar:file:/C:/Users/YASIN/github/java_dummy01/cobertura/cobertura-2.1.1-sources.jar!/logback.xml]
18:35:46,241 |-WARN in ch.qos.logback.classic.LoggerContext[default] - Resource [logback.xml] occurs at [jar:file:/C:/Users/YASIN/github/java_dummy01/cobertura/cobertura-2.1.1.jar!/logback.xml]
18:35:46,257 |-INFO in ch.qos.logback.core.joran.spi.ConfigurationWatchList@28864e92 - URL [jar:file:/C:/Users/YASIN/github/java_dummy01/cobertura/cobertura-2.1.1-sources.jar!/logback.xml] is not of type file
18:35:46,319 |-INFO in ch.qos.logback.classic.joran.action.ConfigurationAction - debug attribute not set
18:35:46,335 |-INFO in ch.qos.logback.core.joran.action.AppenderAction - About to instantiate appender of type [ch.qos.logback.core.ConsoleAppender]
18:35:46,335 |-INFO in ch.qos.logback.core.joran.action.AppenderAction - Naming appender as [STDOUT]
18:35:46,366 |-INFO in ch.qos.logback.core.joran.action.NestedComplexPropertyIA - Assuming default type [ch.qos.logback.classic.encoder.PatternLayoutEncoder] for [encoder] property
18:35:46,413 |-INFO in ch.qos.logback.classic.joran.action.LoggerAction - Setting level of logger [net.sourceforge.cobertura] to INFO
18:35:46,413 |-INFO in ch.qos.logback.classic.joran.action.RootLoggerAction - Setting level of ROOT logger to DEBUG
18:35:46,413 |-INFO in ch.qos.logback.core.joran.action.AppenderRefAction - Attaching appender named [STDOUT] to Logger[ROOT]
18:35:46,413 |-INFO in ch.qos.logback.classic.joran.action.ConfigurationAction - End of configuration.
18:35:46,413 |-INFO in ch.qos.logback.classic.joran.JoranConfigurator@6ea6d14e - Registering current configuration as safe fallback point

]]></system-out>

      <system-err><![CDATA[]]></system-err>

  </testsuite>
  <testsuite errors="1" failures="0" hostname="YASIN-PC" id="2" name="Copier" package="minicopier" skipped="0" tests="1" time="0.016" timestamp="2017-08-13T13:05:48">
      <properties>
[...]
</properties>

      <testcase classname="minicopier.Copier" name="initializationError" time="0.0">
          <error message="No runnable methods" type="java.lang.Exception">java.lang.Exception: No runnable methods
	at java.lang.reflect.Constructor.newInstance(Constructor.java:423)
</error>

      </testcase>

      <system-out><![CDATA[18:35:48,165 |-INFO in ch.qos.logback.classic.LoggerContext[default] - Could NOT find resource [logback.groovy]
18:35:48,165 |-INFO in ch.qos.logback.classic.LoggerContext[default] - Could NOT find resource [logback-test.xml]
18:35:48,165 |-INFO in ch.qos.logback.classic.LoggerContext[default] - Found resource [logback.xml] at [jar:file:/C:/Users/YASIN/github/java_dummy01/cobertura/cobertura-2.1.1-sources.jar!/logback.xml]
18:35:48,181 |-WARN in ch.qos.logback.classic.LoggerContext[default] - Resource [logback.xml] occurs multiple times on the classpath.
18:35:48,181 |-WARN in ch.qos.logback.classic.LoggerContext[default] - Resource [logback.xml] occurs at [jar:file:/C:/Users/YASIN/github/java_dummy01/cobertura/cobertura-2.1.1-sources.jar!/logback.xml]
18:35:48,181 |-WARN in ch.qos.logback.classic.LoggerContext[default] - Resource [logback.xml] occurs at [jar:file:/C:/Users/YASIN/github/java_dummy01/cobertura/cobertura-2.1.1.jar!/logback.xml]
18:35:48,196 |-INFO in ch.qos.logback.core.joran.spi.ConfigurationWatchList@28864e92 - URL [jar:file:/C:/Users/YASIN/github/java_dummy01/cobertura/cobertura-2.1.1-sources.jar!/logback.xml] is not of type file
18:35:48,243 |-INFO in ch.qos.logback.classic.joran.action.ConfigurationAction - debug attribute not set
18:35:48,259 |-INFO in ch.qos.logback.core.joran.action.AppenderAction - About to instantiate appender of type [ch.qos.logback.core.ConsoleAppender]
18:35:48,274 |-INFO in ch.qos.logback.core.joran.action.AppenderAction - Naming appender as [STDOUT]
18:35:48,290 |-INFO in ch.qos.logback.core.joran.action.NestedComplexPropertyIA - Assuming default type [ch.qos.logback.classic.encoder.PatternLayoutEncoder] for [encoder] property
18:35:48,337 |-INFO in ch.qos.logback.classic.joran.action.LoggerAction - Setting level of logger [net.sourceforge.cobertura] to INFO
18:35:48,337 |-INFO in ch.qos.logback.classic.joran.action.RootLoggerAction - Setting level of ROOT logger to DEBUG
18:35:48,337 |-INFO in ch.qos.logback.core.joran.action.AppenderRefAction - Attaching appender named [STDOUT] to Logger[ROOT]
18:35:48,337 |-INFO in ch.qos.logback.classic.joran.action.ConfigurationAction - End of configuration.
18:35:48,337 |-INFO in ch.qos.logback.classic.joran.JoranConfigurator@6ea6d14e - Registering current configuration as safe fallback point

]]></system-out>

      <system-err><![CDATA[]]></system-err>

  </testsuite>
  <testsuite errors="2" failures="0" hostname="YASIN-PC" id="3" name="FailedQueue" package="minicopier" skipped="0" tests="2" time="0.024" timestamp="2017-08-13T13:05:50">
      <properties>
[...]
</properties>

      <testcase classname="minicopier.FailedQueue" name="initializationError" time="0.015">
          <error message="Test class should have exactly one public zero-argument constructor" type="java.lang.Exception">java.lang.Exception: Test class should have exactly one public zero-argument constructor
	at java.lang.reflect.Constructor.newInstance(Constructor.java:423)
</error>

          <error message="No runnable methods" type="java.lang.Exception">java.lang.Exception: No runnable methods
	at java.lang.reflect.Constructor.newInstance(Constructor.java:423)
</error>

      </testcase>

      <system-out><![CDATA[18:35:50,170 |-INFO in ch.qos.logback.classic.LoggerContext[default] - Could NOT find resource [logback.groovy]
18:35:50,170 |-INFO in ch.qos.logback.classic.LoggerContext[default] - Could NOT find resource [logback-test.xml]
18:35:50,170 |-INFO in ch.qos.logback.classic.LoggerContext[default] - Found resource [logback.xml] at [jar:file:/C:/Users/YASIN/github/java_dummy01/cobertura/cobertura-2.1.1-sources.jar!/logback.xml]
18:35:50,170 |-WARN in ch.qos.logback.classic.LoggerContext[default] - Resource [logback.xml] occurs multiple times on the classpath.
18:35:50,170 |-WARN in ch.qos.logback.classic.LoggerContext[default] - Resource [logback.xml] occurs at [jar:file:/C:/Users/YASIN/github/java_dummy01/cobertura/cobertura-2.1.1-sources.jar!/logback.xml]
18:35:50,170 |-WARN in ch.qos.logback.classic.LoggerContext[default] - Resource [logback.xml] occurs at [jar:file:/C:/Users/YASIN/github/java_dummy01/cobertura/cobertura-2.1.1.jar!/logback.xml]
18:35:50,201 |-INFO in ch.qos.logback.core.joran.spi.ConfigurationWatchList@28864e92 - URL [jar:file:/C:/Users/YASIN/github/java_dummy01/cobertura/cobertura-2.1.1-sources.jar!/logback.xml] is not of type file
18:35:50,248 |-INFO in ch.qos.logback.classic.joran.action.ConfigurationAction - debug attribute not set
18:35:50,263 |-INFO in ch.qos.logback.core.joran.action.AppenderAction - About to instantiate appender of type [ch.qos.logback.core.ConsoleAppender]
18:35:50,263 |-INFO in ch.qos.logback.core.joran.action.AppenderAction - Naming appender as [STDOUT]
18:35:50,295 |-INFO in ch.qos.logback.core.joran.action.NestedComplexPropertyIA - Assuming default type [ch.qos.logback.classic.encoder.PatternLayoutEncoder] for [encoder] property
18:35:50,341 |-INFO in ch.qos.logback.classic.joran.action.LoggerAction - Setting level of logger [net.sourceforge.cobertura] to INFO
18:35:50,341 |-INFO in ch.qos.logback.classic.joran.action.RootLoggerAction - Setting level of ROOT logger to DEBUG
18:35:50,341 |-INFO in ch.qos.logback.core.joran.action.AppenderRefAction - Attaching appender named [STDOUT] to Logger[ROOT]
18:35:50,341 |-INFO in ch.qos.logback.classic.joran.action.ConfigurationAction - End of configuration.
18:35:50,341 |-INFO in ch.qos.logback.classic.joran.JoranConfigurator@6ea6d14e - Registering current configuration as safe fallback point

]]></system-out>

      <system-err><![CDATA[]]></system-err>

  </testsuite>
  <testsuite errors="2" failures="0" hostname="YASIN-PC" id="4" name="FileToTransfer" package="minicopier" skipped="0" tests="2" time="0.016" timestamp="2017-08-13T13:05:52">
      <properties>
[...]
</properties>

      <testcase classname="minicopier.FileToTransfer" name="initializationError" time="0.0">
          <error message="Test class should have exactly one public zero-argument constructor" type="java.lang.Exception">java.lang.Exception: Test class should have exactly one public zero-argument constructor
	at java.lang.reflect.Constructor.newInstance(Constructor.java:423)
</error>

          <error message="No runnable methods" type="java.lang.Exception">java.lang.Exception: No runnable methods
	at java.lang.reflect.Constructor.newInstance(Constructor.java:423)
</error>

      </testcase>

      <system-out><![CDATA[18:35:52,072 |-INFO in ch.qos.logback.classic.LoggerContext[default] - Could NOT find resource [logback.groovy]
18:35:52,072 |-INFO in ch.qos.logback.classic.LoggerContext[default] - Could NOT find resource [logback-test.xml]
18:35:52,072 |-INFO in ch.qos.logback.classic.LoggerContext[default] - Found resource [logback.xml] at [jar:file:/C:/Users/YASIN/github/java_dummy01/cobertura/cobertura-2.1.1-sources.jar!/logback.xml]
18:35:52,072 |-WARN in ch.qos.logback.classic.LoggerContext[default] - Resource [logback.xml] occurs multiple times on the classpath.
18:35:52,072 |-WARN in ch.qos.logback.classic.LoggerContext[default] - Resource [logback.xml] occurs at [jar:file:/C:/Users/YASIN/github/java_dummy01/cobertura/cobertura-2.1.1-sources.jar!/logback.xml]
18:35:52,072 |-WARN in ch.qos.logback.classic.LoggerContext[default] - Resource [logback.xml] occurs at [jar:file:/C:/Users/YASIN/github/java_dummy01/cobertura/cobertura-2.1.1.jar!/logback.xml]
18:35:52,104 |-INFO in ch.qos.logback.core.joran.spi.ConfigurationWatchList@28864e92 - URL [jar:file:/C:/Users/YASIN/github/java_dummy01/cobertura/cobertura-2.1.1-sources.jar!/logback.xml] is not of type file
18:35:52,150 |-INFO in ch.qos.logback.classic.joran.action.ConfigurationAction - debug attribute not set
18:35:52,166 |-INFO in ch.qos.logback.core.joran.action.AppenderAction - About to instantiate appender of type [ch.qos.logback.core.ConsoleAppender]
18:35:52,182 |-INFO in ch.qos.logback.core.joran.action.AppenderAction - Naming appender as [STDOUT]
18:35:52,197 |-INFO in ch.qos.logback.core.joran.action.NestedComplexPropertyIA - Assuming default type [ch.qos.logback.classic.encoder.PatternLayoutEncoder] for [encoder] property
18:35:52,244 |-INFO in ch.qos.logback.classic.joran.action.LoggerAction - Setting level of logger [net.sourceforge.cobertura] to INFO
18:35:52,244 |-INFO in ch.qos.logback.classic.joran.action.RootLoggerAction - Setting level of ROOT logger to DEBUG
18:35:52,244 |-INFO in ch.qos.logback.core.joran.action.AppenderRefAction - Attaching appender named [STDOUT] to Logger[ROOT]
18:35:52,244 |-INFO in ch.qos.logback.classic.joran.action.ConfigurationAction - End of configuration.
18:35:52,244 |-INFO in ch.qos.logback.classic.joran.JoranConfigurator@6ea6d14e - Registering current configuration as safe fallback point

]]></system-out>

      <system-err><![CDATA[]]></system-err>

  </testsuite>
  <testsuite errors="2" failures="0" hostname="YASIN-PC" id="5" name="MainQueue" package="minicopier" skipped="0" tests="2" time="0.031" timestamp="2017-08-13T13:05:54">
      <properties>
[...]
</properties>

      <testcase classname="minicopier.MainQueue" name="initializationError" time="0.015">
          <error message="Test class should have exactly one public zero-argument constructor" type="java.lang.Exception">java.lang.Exception: Test class should have exactly one public zero-argument constructor
	at java.lang.reflect.Constructor.newInstance(Constructor.java:423)
</error>

          <error message="No runnable methods" type="java.lang.Exception">java.lang.Exception: No runnable methods
	at java.lang.reflect.Constructor.newInstance(Constructor.java:423)
</error>

      </testcase>

      <system-out><![CDATA[18:35:54,001 |-INFO in ch.qos.logback.classic.LoggerContext[default] - Could NOT find resource [logback.groovy]
18:35:54,001 |-INFO in ch.qos.logback.classic.LoggerContext[default] - Could NOT find resource [logback-test.xml]
18:35:54,001 |-INFO in ch.qos.logback.classic.LoggerContext[default] - Found resource [logback.xml] at [jar:file:/C:/Users/YASIN/github/java_dummy01/cobertura/cobertura-2.1.1-sources.jar!/logback.xml]
18:35:54,001 |-WARN in ch.qos.logback.classic.LoggerContext[default] - Resource [logback.xml] occurs multiple times on the classpath.
18:35:54,001 |-WARN in ch.qos.logback.classic.LoggerContext[default] - Resource [logback.xml] occurs at [jar:file:/C:/Users/YASIN/github/java_dummy01/cobertura/cobertura-2.1.1-sources.jar!/logback.xml]
18:35:54,001 |-WARN in ch.qos.logback.classic.LoggerContext[default] - Resource [logback.xml] occurs at [jar:file:/C:/Users/YASIN/github/java_dummy01/cobertura/cobertura-2.1.1.jar!/logback.xml]
18:35:54,032 |-INFO in ch.qos.logback.core.joran.spi.ConfigurationWatchList@28864e92 - URL [jar:file:/C:/Users/YASIN/github/java_dummy01/cobertura/cobertura-2.1.1-sources.jar!/logback.xml] is not of type file
18:35:54,079 |-INFO in ch.qos.logback.classic.joran.action.ConfigurationAction - debug attribute not set
18:35:54,095 |-INFO in ch.qos.logback.core.joran.action.AppenderAction - About to instantiate appender of type [ch.qos.logback.core.ConsoleAppender]
18:35:54,110 |-INFO in ch.qos.logback.core.joran.action.AppenderAction - Naming appender as [STDOUT]
18:35:54,126 |-INFO in ch.qos.logback.core.joran.action.NestedComplexPropertyIA - Assuming default type [ch.qos.logback.classic.encoder.PatternLayoutEncoder] for [encoder] property
18:35:54,173 |-INFO in ch.qos.logback.classic.joran.action.LoggerAction - Setting level of logger [net.sourceforge.cobertura] to INFO
18:35:54,173 |-INFO in ch.qos.logback.classic.joran.action.RootLoggerAction - Setting level of ROOT logger to DEBUG
18:35:54,173 |-INFO in ch.qos.logback.core.joran.action.AppenderRefAction - Attaching appender named [STDOUT] to Logger[ROOT]
18:35:54,173 |-INFO in ch.qos.logback.classic.joran.action.ConfigurationAction - End of configuration.
18:35:54,173 |-INFO in ch.qos.logback.classic.joran.JoranConfigurator@6ea6d14e - Registering current configuration as safe fallback point

]]></system-out>

      <system-err><![CDATA[]]></system-err>

  </testsuite>
  <testsuite errors="1" failures="0" hostname="YASIN-PC" id="6" name="ThroughputLimitInputStream" package="minicopier" skipped="0" tests="1" time="0.031" timestamp="2017-08-13T13:05:56">
      <properties>
[...]
</properties>

      <testcase classname="minicopier.ThroughputLimitInputStream" name="initializationError" time="0.016">
          <error message="Test class can only have one constructor" type="java.lang.IllegalArgumentException">java.lang.IllegalArgumentException: Test class can only have one constructor
	at java.lang.reflect.Constructor.newInstance(Constructor.java:423)
</error>

      </testcase>

      <system-out><![CDATA[18:35:55,907 |-INFO in ch.qos.logback.classic.LoggerContext[default] - Could NOT find resource [logback.groovy]
18:35:55,907 |-INFO in ch.qos.logback.classic.LoggerContext[default] - Could NOT find resource [logback-test.xml]
18:35:55,907 |-INFO in ch.qos.logback.classic.LoggerContext[default] - Found resource [logback.xml] at [jar:file:/C:/Users/YASIN/github/java_dummy01/cobertura/cobertura-2.1.1-sources.jar!/logback.xml]
18:35:55,907 |-WARN in ch.qos.logback.classic.LoggerContext[default] - Resource [logback.xml] occurs multiple times on the classpath.
18:35:55,907 |-WARN in ch.qos.logback.classic.LoggerContext[default] - Resource [logback.xml] occurs at [jar:file:/C:/Users/YASIN/github/java_dummy01/cobertura/cobertura-2.1.1-sources.jar!/logback.xml]
18:35:55,907 |-WARN in ch.qos.logback.classic.LoggerContext[default] - Resource [logback.xml] occurs at [jar:file:/C:/Users/YASIN/github/java_dummy01/cobertura/cobertura-2.1.1.jar!/logback.xml]
18:35:55,923 |-INFO in ch.qos.logback.core.joran.spi.ConfigurationWatchList@28864e92 - URL [jar:file:/C:/Users/YASIN/github/java_dummy01/cobertura/cobertura-2.1.1-sources.jar!/logback.xml] is not of type file
18:35:55,970 |-INFO in ch.qos.logback.classic.joran.action.ConfigurationAction - debug attribute not set
18:35:55,985 |-INFO in ch.qos.logback.core.joran.action.AppenderAction - About to instantiate appender of type [ch.qos.logback.core.ConsoleAppender]
18:35:56,001 |-INFO in ch.qos.logback.core.joran.action.AppenderAction - Naming appender as [STDOUT]
18:35:56,032 |-INFO in ch.qos.logback.core.joran.action.NestedComplexPropertyIA - Assuming default type [ch.qos.logback.classic.encoder.PatternLayoutEncoder] for [encoder] property
18:35:56,079 |-INFO in ch.qos.logback.classic.joran.action.LoggerAction - Setting level of logger [net.sourceforge.cobertura] to INFO
18:35:56,079 |-INFO in ch.qos.logback.classic.joran.action.RootLoggerAction - Setting level of ROOT logger to DEBUG
18:35:56,079 |-INFO in ch.qos.logback.core.joran.action.AppenderRefAction - Attaching appender named [STDOUT] to Logger[ROOT]
18:35:56,079 |-INFO in ch.qos.logback.classic.joran.action.ConfigurationAction - End of configuration.
18:35:56,079 |-INFO in ch.qos.logback.classic.joran.JoranConfigurator@6ea6d14e - Registering current configuration as safe fallback point

]]></system-out>

      <system-err><![CDATA[]]></system-err>

  </testsuite>
  <testsuite errors="2" failures="0" hostname="YASIN-PC" id="7" name="TransferTask" package="minicopier" skipped="0" tests="2" time="0.016" timestamp="2017-08-13T13:05:58">
      <properties>
[...]
</properties>

      <testcase classname="minicopier.TransferTask" name="initializationError" time="0.0">
          <error message="Test class should have exactly one public zero-argument constructor" type="java.lang.Exception">java.lang.Exception: Test class should have exactly one public zero-argument constructor
	at java.lang.reflect.Constructor.newInstance(Constructor.java:423)
</error>

          <error message="No runnable methods" type="java.lang.Exception">java.lang.Exception: No runnable methods
	at java.lang.reflect.Constructor.newInstance(Constructor.java:423)
</error>

      </testcase>

      <system-out><![CDATA[18:35:57,846 |-INFO in ch.qos.logback.classic.LoggerContext[default] - Could NOT find resource [logback.groovy]
18:35:57,846 |-INFO in ch.qos.logback.classic.LoggerContext[default] - Could NOT find resource [logback-test.xml]
18:35:57,846 |-INFO in ch.qos.logback.classic.LoggerContext[default] - Found resource [logback.xml] at [jar:file:/C:/Users/YASIN/github/java_dummy01/cobertura/cobertura-2.1.1-sources.jar!/logback.xml]
18:35:57,846 |-WARN in ch.qos.logback.classic.LoggerContext[default] - Resource [logback.xml] occurs multiple times on the classpath.
18:35:57,846 |-WARN in ch.qos.logback.classic.LoggerContext[default] - Resource [logback.xml] occurs at [jar:file:/C:/Users/YASIN/github/java_dummy01/cobertura/cobertura-2.1.1-sources.jar!/logback.xml]
18:35:57,846 |-WARN in ch.qos.logback.classic.LoggerContext[default] - Resource [logback.xml] occurs at [jar:file:/C:/Users/YASIN/github/java_dummy01/cobertura/cobertura-2.1.1.jar!/logback.xml]
18:35:57,861 |-INFO in ch.qos.logback.core.joran.spi.ConfigurationWatchList@28864e92 - URL [jar:file:/C:/Users/YASIN/github/java_dummy01/cobertura/cobertura-2.1.1-sources.jar!/logback.xml] is not of type file
18:35:57,924 |-INFO in ch.qos.logback.classic.joran.action.ConfigurationAction - debug attribute not set
18:35:57,939 |-INFO in ch.qos.logback.core.joran.action.AppenderAction - About to instantiate appender of type [ch.qos.logback.core.ConsoleAppender]
18:35:57,939 |-INFO in ch.qos.logback.core.joran.action.AppenderAction - Naming appender as [STDOUT]
18:35:57,971 |-INFO in ch.qos.logback.core.joran.action.NestedComplexPropertyIA - Assuming default type [ch.qos.logback.classic.encoder.PatternLayoutEncoder] for [encoder] property
18:35:58,017 |-INFO in ch.qos.logback.classic.joran.action.LoggerAction - Setting level of logger [net.sourceforge.cobertura] to INFO
18:35:58,017 |-INFO in ch.qos.logback.classic.joran.action.RootLoggerAction - Setting level of ROOT logger to DEBUG
18:35:58,017 |-INFO in ch.qos.logback.core.joran.action.AppenderRefAction - Attaching appender named [STDOUT] to Logger[ROOT]
18:35:58,017 |-INFO in ch.qos.logback.classic.joran.action.ConfigurationAction - End of configuration.
18:35:58,017 |-INFO in ch.qos.logback.classic.joran.JoranConfigurator@6ea6d14e - Registering current configuration as safe fallback point

]]></system-out>

      <system-err><![CDATA[]]></system-err>

  </testsuite>
  <testsuite errors="2" failures="0" hostname="YASIN-PC" id="8" name="Credits" package="minicopier.gui" skipped="0" tests="2" time="0.015" timestamp="2017-08-13T13:06:01">
      <properties>
[...]
</properties>

      <testcase classname="minicopier.gui.Credits" name="initializationError" time="0.0">
          <error message="Test class should have exactly one public zero-argument constructor" type="java.lang.Exception">java.lang.Exception: Test class should have exactly one public zero-argument constructor
	at java.lang.reflect.Constructor.newInstance(Constructor.java:423)
</error>

          <error message="No runnable methods" type="java.lang.Exception">java.lang.Exception: No runnable methods
	at java.lang.reflect.Constructor.newInstance(Constructor.java:423)
</error>

      </testcase>

      <system-out><![CDATA[18:36:01,144 |-INFO in ch.qos.logback.classic.LoggerContext[default] - Could NOT find resource [logback.groovy]
18:36:01,144 |-INFO in ch.qos.logback.classic.LoggerContext[default] - Could NOT find resource [logback-test.xml]
18:36:01,144 |-INFO in ch.qos.logback.classic.LoggerContext[default] - Found resource [logback.xml] at [jar:file:/C:/Users/YASIN/github/java_dummy01/cobertura/cobertura-2.1.1-sources.jar!/logback.xml]
18:36:01,144 |-WARN in ch.qos.logback.classic.LoggerContext[default] - Resource [logback.xml] occurs multiple times on the classpath.
18:36:01,144 |-WARN in ch.qos.logback.classic.LoggerContext[default] - Resource [logback.xml] occurs at [jar:file:/C:/Users/YASIN/github/java_dummy01/cobertura/cobertura-2.1.1-sources.jar!/logback.xml]
18:36:01,144 |-WARN in ch.qos.logback.classic.LoggerContext[default] - Resource [logback.xml] occurs at [jar:file:/C:/Users/YASIN/github/java_dummy01/cobertura/cobertura-2.1.1.jar!/logback.xml]
18:36:01,160 |-INFO in ch.qos.logback.core.joran.spi.ConfigurationWatchList@6cd8737 - URL [jar:file:/C:/Users/YASIN/github/java_dummy01/cobertura/cobertura-2.1.1-sources.jar!/logback.xml] is not of type file
18:36:01,222 |-INFO in ch.qos.logback.classic.joran.action.ConfigurationAction - debug attribute not set
18:36:01,238 |-INFO in ch.qos.logback.core.joran.action.AppenderAction - About to instantiate appender of type [ch.qos.logback.core.ConsoleAppender]
18:36:01,254 |-INFO in ch.qos.logback.core.joran.action.AppenderAction - Naming appender as [STDOUT]
18:36:01,285 |-INFO in ch.qos.logback.core.joran.action.NestedComplexPropertyIA - Assuming default type [ch.qos.logback.classic.encoder.PatternLayoutEncoder] for [encoder] property
18:36:01,316 |-INFO in ch.qos.logback.classic.joran.action.LoggerAction - Setting level of logger [net.sourceforge.cobertura] to INFO
18:36:01,316 |-INFO in ch.qos.logback.classic.joran.action.RootLoggerAction - Setting level of ROOT logger to DEBUG
18:36:01,316 |-INFO in ch.qos.logback.core.joran.action.AppenderRefAction - Attaching appender named [STDOUT] to Logger[ROOT]
18:36:01,316 |-INFO in ch.qos.logback.classic.joran.action.ConfigurationAction - End of configuration.
18:36:01,316 |-INFO in ch.qos.logback.classic.joran.JoranConfigurator@22f71333 - Registering current configuration as safe fallback point

]]></system-out>

      <system-err><![CDATA[]]></system-err>

  </testsuite>
  <testsuite errors="1" failures="0" hostname="YASIN-PC" id="9" name="DialogMsg" package="minicopier.gui" skipped="0" tests="1" time="0.031" timestamp="2017-08-13T13:06:03">
      <properties>
[...]
</properties>

      <testcase classname="minicopier.gui.DialogMsg" name="initializationError" time="0.015">
          <error message="No runnable methods" type="java.lang.Exception">java.lang.Exception: No runnable methods
	at java.lang.reflect.Constructor.newInstance(Constructor.java:423)
</error>

      </testcase>

      <system-out><![CDATA[18:36:03,324 |-INFO in ch.qos.logback.classic.LoggerContext[default] - Could NOT find resource [logback.groovy]
18:36:03,324 |-INFO in ch.qos.logback.classic.LoggerContext[default] - Could NOT find resource [logback-test.xml]
18:36:03,324 |-INFO in ch.qos.logback.classic.LoggerContext[default] - Found resource [logback.xml] at [jar:file:/C:/Users/YASIN/github/java_dummy01/cobertura/cobertura-2.1.1-sources.jar!/logback.xml]
18:36:03,324 |-WARN in ch.qos.logback.classic.LoggerContext[default] - Resource [logback.xml] occurs multiple times on the classpath.
18:36:03,324 |-WARN in ch.qos.logback.classic.LoggerContext[default] - Resource [logback.xml] occurs at [jar:file:/C:/Users/YASIN/github/java_dummy01/cobertura/cobertura-2.1.1-sources.jar!/logback.xml]
18:36:03,324 |-WARN in ch.qos.logback.classic.LoggerContext[default] - Resource [logback.xml] occurs at [jar:file:/C:/Users/YASIN/github/java_dummy01/cobertura/cobertura-2.1.1.jar!/logback.xml]
18:36:03,339 |-INFO in ch.qos.logback.core.joran.spi.ConfigurationWatchList@28864e92 - URL [jar:file:/C:/Users/YASIN/github/java_dummy01/cobertura/cobertura-2.1.1-sources.jar!/logback.xml] is not of type file
18:36:03,405 |-INFO in ch.qos.logback.classic.joran.action.ConfigurationAction - debug attribute not set
18:36:03,409 |-INFO in ch.qos.logback.core.joran.action.AppenderAction - About to instantiate appender of type [ch.qos.logback.core.ConsoleAppender]
18:36:03,424 |-INFO in ch.qos.logback.core.joran.action.AppenderAction - Naming appender as [STDOUT]
18:36:03,456 |-INFO in ch.qos.logback.core.joran.action.NestedComplexPropertyIA - Assuming default type [ch.qos.logback.classic.encoder.PatternLayoutEncoder] for [encoder] property
18:36:03,502 |-INFO in ch.qos.logback.classic.joran.action.LoggerAction - Setting level of logger [net.sourceforge.cobertura] to INFO
18:36:03,502 |-INFO in ch.qos.logback.classic.joran.action.RootLoggerAction - Setting level of ROOT logger to DEBUG
18:36:03,502 |-INFO in ch.qos.logback.core.joran.action.AppenderRefAction - Attaching appender named [STDOUT] to Logger[ROOT]
18:36:03,502 |-INFO in ch.qos.logback.classic.joran.action.ConfigurationAction - End of configuration.
18:36:03,502 |-INFO in ch.qos.logback.classic.joran.JoranConfigurator@6ea6d14e - Registering current configuration as safe fallback point

]]></system-out>

      <system-err><![CDATA[]]></system-err>

  </testsuite>
  <testsuite errors="2" failures="0" hostname="YASIN-PC" id="10" name="FailedPanel" package="minicopier.gui" skipped="0" tests="2" time="0.015" timestamp="2017-08-13T13:06:05">
      <properties>
[...]
</properties>

      <testcase classname="minicopier.gui.FailedPanel" name="initializationError" time="0.0">
          <error message="Test class should have exactly one public zero-argument constructor" type="java.lang.Exception">java.lang.Exception: Test class should have exactly one public zero-argument constructor
	at java.lang.reflect.Constructor.newInstance(Constructor.java:423)
</error>

          <error message="No runnable methods" type="java.lang.Exception">java.lang.Exception: No runnable methods
	at java.lang.reflect.Constructor.newInstance(Constructor.java:423)
</error>

      </testcase>

      <system-out><![CDATA[18:36:05,237 |-INFO in ch.qos.logback.classic.LoggerContext[default] - Could NOT find resource [logback.groovy]
18:36:05,237 |-INFO in ch.qos.logback.classic.LoggerContext[default] - Could NOT find resource [logback-test.xml]
18:36:05,237 |-INFO in ch.qos.logback.classic.LoggerContext[default] - Found resource [logback.xml] at [jar:file:/C:/Users/YASIN/github/java_dummy01/cobertura/cobertura-2.1.1-sources.jar!/logback.xml]
18:36:05,237 |-WARN in ch.qos.logback.classic.LoggerContext[default] - Resource [logback.xml] occurs multiple times on the classpath.
18:36:05,237 |-WARN in ch.qos.logback.classic.LoggerContext[default] - Resource [logback.xml] occurs at [jar:file:/C:/Users/YASIN/github/java_dummy01/cobertura/cobertura-2.1.1-sources.jar!/logback.xml]
18:36:05,237 |-WARN in ch.qos.logback.classic.LoggerContext[default] - Resource [logback.xml] occurs at [jar:file:/C:/Users/YASIN/github/java_dummy01/cobertura/cobertura-2.1.1.jar!/logback.xml]
18:36:05,253 |-INFO in ch.qos.logback.core.joran.spi.ConfigurationWatchList@6cd8737 - URL [jar:file:/C:/Users/YASIN/github/java_dummy01/cobertura/cobertura-2.1.1-sources.jar!/logback.xml] is not of type file
18:36:05,299 |-INFO in ch.qos.logback.classic.joran.action.ConfigurationAction - debug attribute not set
18:36:05,315 |-INFO in ch.qos.logback.core.joran.action.AppenderAction - About to instantiate appender of type [ch.qos.logback.core.ConsoleAppender]
18:36:05,331 |-INFO in ch.qos.logback.core.joran.action.AppenderAction - Naming appender as [STDOUT]
18:36:05,346 |-INFO in ch.qos.logback.core.joran.action.NestedComplexPropertyIA - Assuming default type [ch.qos.logback.classic.encoder.PatternLayoutEncoder] for [encoder] property
18:36:05,393 |-INFO in ch.qos.logback.classic.joran.action.LoggerAction - Setting level of logger [net.sourceforge.cobertura] to INFO
18:36:05,393 |-INFO in ch.qos.logback.classic.joran.action.RootLoggerAction - Setting level of ROOT logger to DEBUG
18:36:05,393 |-INFO in ch.qos.logback.core.joran.action.AppenderRefAction - Attaching appender named [STDOUT] to Logger[ROOT]
18:36:05,393 |-INFO in ch.qos.logback.classic.joran.action.ConfigurationAction - End of configuration.
18:36:05,393 |-INFO in ch.qos.logback.classic.joran.JoranConfigurator@22f71333 - Registering current configuration as safe fallback point

]]></system-out>

      <system-err><![CDATA[]]></system-err>

  </testsuite>
  <testsuite errors="2" failures="0" hostname="YASIN-PC" id="11" name="MainFrame" package="minicopier.gui" skipped="0" tests="2" time="0.015" timestamp="2017-08-13T13:06:07">
      <properties>
[...]
</properties>

      <testcase classname="minicopier.gui.MainFrame" name="initializationError" time="0.0">
          <error message="Test class should have exactly one public zero-argument constructor" type="java.lang.Exception">java.lang.Exception: Test class should have exactly one public zero-argument constructor
	at java.lang.reflect.Constructor.newInstance(Constructor.java:423)
</error>

          <error message="No runnable methods" type="java.lang.Exception">java.lang.Exception: No runnable methods
	at java.lang.reflect.Constructor.newInstance(Constructor.java:423)
</error>

      </testcase>

      <system-out><![CDATA[18:36:07,363 |-INFO in ch.qos.logback.classic.LoggerContext[default] - Could NOT find resource [logback.groovy]
18:36:07,363 |-INFO in ch.qos.logback.classic.LoggerContext[default] - Could NOT find resource [logback-test.xml]
18:36:07,363 |-INFO in ch.qos.logback.classic.LoggerContext[default] - Found resource [logback.xml] at [jar:file:/C:/Users/YASIN/github/java_dummy01/cobertura/cobertura-2.1.1-sources.jar!/logback.xml]
18:36:07,363 |-WARN in ch.qos.logback.classic.LoggerContext[default] - Resource [logback.xml] occurs multiple times on the classpath.
18:36:07,363 |-WARN in ch.qos.logback.classic.LoggerContext[default] - Resource [logback.xml] occurs at [jar:file:/C:/Users/YASIN/github/java_dummy01/cobertura/cobertura-2.1.1-sources.jar!/logback.xml]
18:36:07,363 |-WARN in ch.qos.logback.classic.LoggerContext[default] - Resource [logback.xml] occurs at [jar:file:/C:/Users/YASIN/github/java_dummy01/cobertura/cobertura-2.1.1.jar!/logback.xml]
18:36:07,378 |-INFO in ch.qos.logback.core.joran.spi.ConfigurationWatchList@6cd8737 - URL [jar:file:/C:/Users/YASIN/github/java_dummy01/cobertura/cobertura-2.1.1-sources.jar!/logback.xml] is not of type file
18:36:07,425 |-INFO in ch.qos.logback.classic.joran.action.ConfigurationAction - debug attribute not set
18:36:07,441 |-INFO in ch.qos.logback.core.joran.action.AppenderAction - About to instantiate appender of type [ch.qos.logback.core.ConsoleAppender]
18:36:07,456 |-INFO in ch.qos.logback.core.joran.action.AppenderAction - Naming appender as [STDOUT]
18:36:07,472 |-INFO in ch.qos.logback.core.joran.action.NestedComplexPropertyIA - Assuming default type [ch.qos.logback.classic.encoder.PatternLayoutEncoder] for [encoder] property
18:36:07,519 |-INFO in ch.qos.logback.classic.joran.action.LoggerAction - Setting level of logger [net.sourceforge.cobertura] to INFO
18:36:07,519 |-INFO in ch.qos.logback.classic.joran.action.RootLoggerAction - Setting level of ROOT logger to DEBUG
18:36:07,519 |-INFO in ch.qos.logback.core.joran.action.AppenderRefAction - Attaching appender named [STDOUT] to Logger[ROOT]
18:36:07,519 |-INFO in ch.qos.logback.classic.joran.action.ConfigurationAction - End of configuration.
18:36:07,519 |-INFO in ch.qos.logback.classic.joran.JoranConfigurator@22f71333 - Registering current configuration as safe fallback point

]]></system-out>

      <system-err><![CDATA[]]></system-err>

  </testsuite>
  <testsuite errors="2" failures="0" hostname="YASIN-PC" id="12" name="OptionsPanel" package="minicopier.gui" skipped="0" tests="2" time="0.016" timestamp="2017-08-13T13:06:09">
      <properties>
[...]
</properties>

      <testcase classname="minicopier.gui.OptionsPanel" name="initializationError" time="0.0">
          <error message="Test class should have exactly one public zero-argument constructor" type="java.lang.Exception">java.lang.Exception: Test class should have exactly one public zero-argument constructor
	at java.lang.reflect.Constructor.newInstance(Constructor.java:423)
</error>

          <error message="No runnable methods" type="java.lang.Exception">java.lang.Exception: No runnable methods
	at java.lang.reflect.Constructor.newInstance(Constructor.java:423)
</error>

      </testcase>

      <system-out><![CDATA[18:36:09,284 |-INFO in ch.qos.logback.classic.LoggerContext[default] - Could NOT find resource [logback.groovy]
18:36:09,284 |-INFO in ch.qos.logback.classic.LoggerContext[default] - Could NOT find resource [logback-test.xml]
18:36:09,284 |-INFO in ch.qos.logback.classic.LoggerContext[default] - Found resource [logback.xml] at [jar:file:/C:/Users/YASIN/github/java_dummy01/cobertura/cobertura-2.1.1-sources.jar!/logback.xml]
18:36:09,284 |-WARN in ch.qos.logback.classic.LoggerContext[default] - Resource [logback.xml] occurs multiple times on the classpath.
18:36:09,284 |-WARN in ch.qos.logback.classic.LoggerContext[default] - Resource [logback.xml] occurs at [jar:file:/C:/Users/YASIN/github/java_dummy01/cobertura/cobertura-2.1.1-sources.jar!/logback.xml]
18:36:09,284 |-WARN in ch.qos.logback.classic.LoggerContext[default] - Resource [logback.xml] occurs at [jar:file:/C:/Users/YASIN/github/java_dummy01/cobertura/cobertura-2.1.1.jar!/logback.xml]
18:36:09,300 |-INFO in ch.qos.logback.core.joran.spi.ConfigurationWatchList@6cd8737 - URL [jar:file:/C:/Users/YASIN/github/java_dummy01/cobertura/cobertura-2.1.1-sources.jar!/logback.xml] is not of type file
18:36:09,347 |-INFO in ch.qos.logback.classic.joran.action.ConfigurationAction - debug attribute not set
18:36:09,362 |-INFO in ch.qos.logback.core.joran.action.AppenderAction - About to instantiate appender of type [ch.qos.logback.core.ConsoleAppender]
18:36:09,378 |-INFO in ch.qos.logback.core.joran.action.AppenderAction - Naming appender as [STDOUT]
18:36:09,394 |-INFO in ch.qos.logback.core.joran.action.NestedComplexPropertyIA - Assuming default type [ch.qos.logback.classic.encoder.PatternLayoutEncoder] for [encoder] property
18:36:09,442 |-INFO in ch.qos.logback.classic.joran.action.LoggerAction - Setting level of logger [net.sourceforge.cobertura] to INFO
18:36:09,442 |-INFO in ch.qos.logback.classic.joran.action.RootLoggerAction - Setting level of ROOT logger to DEBUG
18:36:09,442 |-INFO in ch.qos.logback.core.joran.action.AppenderRefAction - Attaching appender named [STDOUT] to Logger[ROOT]
18:36:09,442 |-INFO in ch.qos.logback.classic.joran.action.ConfigurationAction - End of configuration.
18:36:09,442 |-INFO in ch.qos.logback.classic.joran.JoranConfigurator@22f71333 - Registering current configuration as safe fallback point

]]></system-out>

      <system-err><![CDATA[]]></system-err>

  </testsuite>
  <testsuite errors="2" failures="0" hostname="YASIN-PC" id="13" name="QueueJButton" package="minicopier.gui" skipped="0" tests="2" time="0.016" timestamp="2017-08-13T13:06:11">
      <properties>
[...]
</properties>

      <testcase classname="minicopier.gui.QueueJButton" name="initializationError" time="0.0">
          <error message="Test class should have exactly one public zero-argument constructor" type="java.lang.Exception">java.lang.Exception: Test class should have exactly one public zero-argument constructor
	at java.lang.reflect.Constructor.newInstance(Constructor.java:423)
</error>

          <error message="No runnable methods" type="java.lang.Exception">java.lang.Exception: No runnable methods
	at java.lang.reflect.Constructor.newInstance(Constructor.java:423)
</error>

      </testcase>

      <system-out><![CDATA[18:36:11,398 |-INFO in ch.qos.logback.classic.LoggerContext[default] - Could NOT find resource [logback.groovy]
18:36:11,398 |-INFO in ch.qos.logback.classic.LoggerContext[default] - Could NOT find resource [logback-test.xml]
18:36:11,398 |-INFO in ch.qos.logback.classic.LoggerContext[default] - Found resource [logback.xml] at [jar:file:/C:/Users/YASIN/github/java_dummy01/cobertura/cobertura-2.1.1-sources.jar!/logback.xml]
18:36:11,398 |-WARN in ch.qos.logback.classic.LoggerContext[default] - Resource [logback.xml] occurs multiple times on the classpath.
18:36:11,398 |-WARN in ch.qos.logback.classic.LoggerContext[default] - Resource [logback.xml] occurs at [jar:file:/C:/Users/YASIN/github/java_dummy01/cobertura/cobertura-2.1.1-sources.jar!/logback.xml]
18:36:11,398 |-WARN in ch.qos.logback.classic.LoggerContext[default] - Resource [logback.xml] occurs at [jar:file:/C:/Users/YASIN/github/java_dummy01/cobertura/cobertura-2.1.1.jar!/logback.xml]
18:36:11,414 |-INFO in ch.qos.logback.core.joran.spi.ConfigurationWatchList@6cd8737 - URL [jar:file:/C:/Users/YASIN/github/java_dummy01/cobertura/cobertura-2.1.1-sources.jar!/logback.xml] is not of type file
18:36:11,476 |-INFO in ch.qos.logback.classic.joran.action.ConfigurationAction - debug attribute not set
18:36:11,554 |-INFO in ch.qos.logback.core.joran.action.AppenderAction - About to instantiate appender of type [ch.qos.logback.core.ConsoleAppender]
18:36:11,586 |-INFO in ch.qos.logback.core.joran.action.AppenderAction - Naming appender as [STDOUT]
18:36:11,601 |-INFO in ch.qos.logback.core.joran.action.NestedComplexPropertyIA - Assuming default type [ch.qos.logback.classic.encoder.PatternLayoutEncoder] for [encoder] property
18:36:11,648 |-INFO in ch.qos.logback.classic.joran.action.LoggerAction - Setting level of logger [net.sourceforge.cobertura] to INFO
18:36:11,648 |-INFO in ch.qos.logback.classic.joran.action.RootLoggerAction - Setting level of ROOT logger to DEBUG
18:36:11,648 |-INFO in ch.qos.logback.core.joran.action.AppenderRefAction - Attaching appender named [STDOUT] to Logger[ROOT]
18:36:11,648 |-INFO in ch.qos.logback.classic.joran.action.ConfigurationAction - End of configuration.
18:36:11,648 |-INFO in ch.qos.logback.classic.joran.JoranConfigurator@22f71333 - Registering current configuration as safe fallback point

]]></system-out>

      <system-err><![CDATA[]]></system-err>

  </testsuite>
  <testsuite errors="2" failures="0" hostname="YASIN-PC" id="14" name="SupPanel" package="minicopier.gui" skipped="0" tests="2" time="0.031" timestamp="2017-08-13T13:06:13">
      <properties>
[...]
</properties>

      <testcase classname="minicopier.gui.SupPanel" name="initializationError" time="0.0">
          <error message="Test class should have exactly one public zero-argument constructor" type="java.lang.Exception">java.lang.Exception: Test class should have exactly one public zero-argument constructor
	at java.lang.reflect.Constructor.newInstance(Constructor.java:423)
</error>

          <error message="No runnable methods" type="java.lang.Exception">java.lang.Exception: No runnable methods
	at java.lang.reflect.Constructor.newInstance(Constructor.java:423)
</error>

      </testcase>

      <system-out><![CDATA[18:36:13,495 |-INFO in ch.qos.logback.classic.LoggerContext[default] - Could NOT find resource [logback.groovy]
18:36:13,495 |-INFO in ch.qos.logback.classic.LoggerContext[default] - Could NOT find resource [logback-test.xml]
18:36:13,495 |-INFO in ch.qos.logback.classic.LoggerContext[default] - Found resource [logback.xml] at [jar:file:/C:/Users/YASIN/github/java_dummy01/cobertura/cobertura-2.1.1-sources.jar!/logback.xml]
18:36:13,495 |-WARN in ch.qos.logback.classic.LoggerContext[default] - Resource [logback.xml] occurs multiple times on the classpath.
18:36:13,495 |-WARN in ch.qos.logback.classic.LoggerContext[default] - Resource [logback.xml] occurs at [jar:file:/C:/Users/YASIN/github/java_dummy01/cobertura/cobertura-2.1.1-sources.jar!/logback.xml]
18:36:13,495 |-WARN in ch.qos.logback.classic.LoggerContext[default] - Resource [logback.xml] occurs at [jar:file:/C:/Users/YASIN/github/java_dummy01/cobertura/cobertura-2.1.1.jar!/logback.xml]
18:36:13,526 |-INFO in ch.qos.logback.core.joran.spi.ConfigurationWatchList@6cd8737 - URL [jar:file:/C:/Users/YASIN/github/java_dummy01/cobertura/cobertura-2.1.1-sources.jar!/logback.xml] is not of type file
18:36:13,573 |-INFO in ch.qos.logback.classic.joran.action.ConfigurationAction - debug attribute not set
18:36:13,588 |-INFO in ch.qos.logback.core.joran.action.AppenderAction - About to instantiate appender of type [ch.qos.logback.core.ConsoleAppender]
18:36:13,604 |-INFO in ch.qos.logback.core.joran.action.AppenderAction - Naming appender as [STDOUT]
18:36:13,620 |-INFO in ch.qos.logback.core.joran.action.NestedComplexPropertyIA - Assuming default type [ch.qos.logback.classic.encoder.PatternLayoutEncoder] for [encoder] property
18:36:13,666 |-INFO in ch.qos.logback.classic.joran.action.LoggerAction - Setting level of logger [net.sourceforge.cobertura] to INFO
18:36:13,666 |-INFO in ch.qos.logback.classic.joran.action.RootLoggerAction - Setting level of ROOT logger to DEBUG
18:36:13,666 |-INFO in ch.qos.logback.core.joran.action.AppenderRefAction - Attaching appender named [STDOUT] to Logger[ROOT]
18:36:13,666 |-INFO in ch.qos.logback.classic.joran.action.ConfigurationAction - End of configuration.
18:36:13,666 |-INFO in ch.qos.logback.classic.joran.JoranConfigurator@22f71333 - Registering current configuration as safe fallback point

]]></system-out>

      <system-err><![CDATA[]]></system-err>

  </testsuite>
  <testsuite errors="2" failures="0" hostname="YASIN-PC" id="15" name="TransfersPanel" package="minicopier.gui" skipped="0" tests="2" time="0.031" timestamp="2017-08-13T13:06:15">
      <properties>
[...]
</properties>

      <testcase classname="minicopier.gui.TransfersPanel" name="initializationError" time="0.0">
          <error message="Test class should have exactly one public zero-argument constructor" type="java.lang.Exception">java.lang.Exception: Test class should have exactly one public zero-argument constructor
	at java.lang.reflect.Constructor.newInstance(Constructor.java:423)
</error>

          <error message="No runnable methods" type="java.lang.Exception">java.lang.Exception: No runnable methods
	at java.lang.reflect.Constructor.newInstance(Constructor.java:423)
</error>

      </testcase>

      <system-out><![CDATA[18:36:15,496 |-INFO in ch.qos.logback.classic.LoggerContext[default] - Could NOT find resource [logback.groovy]
18:36:15,496 |-INFO in ch.qos.logback.classic.LoggerContext[default] - Could NOT find resource [logback-test.xml]
18:36:15,496 |-INFO in ch.qos.logback.classic.LoggerContext[default] - Found resource [logback.xml] at [jar:file:/C:/Users/YASIN/github/java_dummy01/cobertura/cobertura-2.1.1-sources.jar!/logback.xml]
18:36:15,496 |-WARN in ch.qos.logback.classic.LoggerContext[default] - Resource [logback.xml] occurs multiple times on the classpath.
18:36:15,496 |-WARN in ch.qos.logback.classic.LoggerContext[default] - Resource [logback.xml] occurs at [jar:file:/C:/Users/YASIN/github/java_dummy01/cobertura/cobertura-2.1.1-sources.jar!/logback.xml]
18:36:15,496 |-WARN in ch.qos.logback.classic.LoggerContext[default] - Resource [logback.xml] occurs at [jar:file:/C:/Users/YASIN/github/java_dummy01/cobertura/cobertura-2.1.1.jar!/logback.xml]
18:36:15,527 |-INFO in ch.qos.logback.core.joran.spi.ConfigurationWatchList@6cd8737 - URL [jar:file:/C:/Users/YASIN/github/java_dummy01/cobertura/cobertura-2.1.1-sources.jar!/logback.xml] is not of type file
18:36:15,574 |-INFO in ch.qos.logback.classic.joran.action.ConfigurationAction - debug attribute not set
18:36:15,589 |-INFO in ch.qos.logback.core.joran.action.AppenderAction - About to instantiate appender of type [ch.qos.logback.core.ConsoleAppender]
18:36:15,589 |-INFO in ch.qos.logback.core.joran.action.AppenderAction - Naming appender as [STDOUT]
18:36:15,620 |-INFO in ch.qos.logback.core.joran.action.NestedComplexPropertyIA - Assuming default type [ch.qos.logback.classic.encoder.PatternLayoutEncoder] for [encoder] property
18:36:15,667 |-INFO in ch.qos.logback.classic.joran.action.LoggerAction - Setting level of logger [net.sourceforge.cobertura] to INFO
18:36:15,667 |-INFO in ch.qos.logback.classic.joran.action.RootLoggerAction - Setting level of ROOT logger to DEBUG
18:36:15,667 |-INFO in ch.qos.logback.core.joran.action.AppenderRefAction - Attaching appender named [STDOUT] to Logger[ROOT]
18:36:15,667 |-INFO in ch.qos.logback.classic.joran.action.ConfigurationAction - End of configuration.
18:36:15,667 |-INFO in ch.qos.logback.classic.joran.JoranConfigurator@22f71333 - Registering current configuration as safe fallback point

]]></system-out>

      <system-err><![CDATA[]]></system-err>

  </testsuite>
  <testsuite errors="1" failures="0" hostname="YASIN-PC" id="16" name="Language" package="minicopier.i18n" skipped="0" tests="1" time="0.016" timestamp="2017-08-13T13:06:17">
      <properties>
[...]
</properties>

      <testcase classname="minicopier.i18n.Language" name="initializationError" time="0.0">
          <error message="No runnable methods" type="java.lang.Exception">java.lang.Exception: No runnable methods
	at java.lang.reflect.Constructor.newInstance(Constructor.java:423)
</error>

      </testcase>

      <system-out><![CDATA[18:36:17,417 |-INFO in ch.qos.logback.classic.LoggerContext[default] - Could NOT find resource [logback.groovy]
18:36:17,417 |-INFO in ch.qos.logback.classic.LoggerContext[default] - Could NOT find resource [logback-test.xml]
18:36:17,418 |-INFO in ch.qos.logback.classic.LoggerContext[default] - Found resource [logback.xml] at [jar:file:/C:/Users/YASIN/github/java_dummy01/cobertura/cobertura-2.1.1-sources.jar!/logback.xml]
18:36:17,418 |-WARN in ch.qos.logback.classic.LoggerContext[default] - Resource [logback.xml] occurs multiple times on the classpath.
18:36:17,418 |-WARN in ch.qos.logback.classic.LoggerContext[default] - Resource [logback.xml] occurs at [jar:file:/C:/Users/YASIN/github/java_dummy01/cobertura/cobertura-2.1.1-sources.jar!/logback.xml]
18:36:17,418 |-WARN in ch.qos.logback.classic.LoggerContext[default] - Resource [logback.xml] occurs at [jar:file:/C:/Users/YASIN/github/java_dummy01/cobertura/cobertura-2.1.1.jar!/logback.xml]
18:36:17,434 |-INFO in ch.qos.logback.core.joran.spi.ConfigurationWatchList@28864e92 - URL [jar:file:/C:/Users/YASIN/github/java_dummy01/cobertura/cobertura-2.1.1-sources.jar!/logback.xml] is not of type file
18:36:17,481 |-INFO in ch.qos.logback.classic.joran.action.ConfigurationAction - debug attribute not set
18:36:17,496 |-INFO in ch.qos.logback.core.joran.action.AppenderAction - About to instantiate appender of type [ch.qos.logback.core.ConsoleAppender]
18:36:17,512 |-INFO in ch.qos.logback.core.joran.action.AppenderAction - Naming appender as [STDOUT]
18:36:17,543 |-INFO in ch.qos.logback.core.joran.action.NestedComplexPropertyIA - Assuming default type [ch.qos.logback.classic.encoder.PatternLayoutEncoder] for [encoder] property
18:36:17,590 |-INFO in ch.qos.logback.classic.joran.action.LoggerAction - Setting level of logger [net.sourceforge.cobertura] to INFO
18:36:17,590 |-INFO in ch.qos.logback.classic.joran.action.RootLoggerAction - Setting level of ROOT logger to DEBUG
18:36:17,590 |-INFO in ch.qos.logback.core.joran.action.AppenderRefAction - Attaching appender named [STDOUT] to Logger[ROOT]
18:36:17,590 |-INFO in ch.qos.logback.classic.joran.action.ConfigurationAction - End of configuration.
18:36:17,590 |-INFO in ch.qos.logback.classic.joran.JoranConfigurator@6ea6d14e - Registering current configuration as safe fallback point

]]></system-out>

      <system-err><![CDATA[]]></system-err>

  </testsuite>
</testsuites>
