<?xml version="1.0" encoding="UTF-8" ?>
<testsuite errors="1" failures="0" hostname="YASIN-PC" name="minicopier.Copier" skipped="0" tests="1" time="0.0" timestamp="2017-08-13T13:47:18">
  <properties>
[...]
</properties>
  <error message="Instruction type does not match stack map&#xa;Exception Details:&#xa;  Location:&#xa;    minicopier/Copier.main([Ljava/lang/String;)V @55: iload&#xa;  Reason:&#xa;    Type integer (current frame, locals[1]) is not assignable to &apos;minicopier/Configuration&apos; (stack map, locals[1])&#xa;  Current Frame:&#xa;    bci: @55&#xa;    flags: { }&#xa;    locals: { &apos;[Ljava/lang/String;&apos;, integer, integer, &apos;minicopier/Configuration&apos;, &apos;[Ljava/lang/String;&apos;, integer, integer }&#xa;    stack: { }&#xa;  Stackmap Frame:&#xa;    bci: @55&#xa;    flags: { }&#xa;    locals: { &apos;[Ljava/lang/String;&apos;, &apos;minicopier/Configuration&apos;, &apos;[Ljava/lang/String;&apos;, integer, integer }&#xa;    stack: { }&#xa;  Bytecode:&#xa;    0x0000000: 033c 11ff ff3d 1228 1102 a0b8 002e bb01&#xa;    0x0000010: 0959 b701 ff4e 1228 1102 a1b8 002e b202&#xa;    0x0000020: 02b8 0207 1228 1102 a3b8 002e 2a3a 0419&#xa;    0x0000030: 04be 3605 0336 0615 0615 0511 02a3 3c11&#xa;    0x0000040: 0000 3da2 0064 1228 1b1c 04b8 0095 11ff&#xa;    0x0000050: ff3d 1904 1506 323a 0712 2811 02a6 b800&#xa;    0x0000060: 2e19 0713 020b b601 5511 02a6 3c11 0000&#xa;    0x0000070: 3d99 0018 1228 1b1c 04b8 0095 11ff ff3d&#xa;    0x0000080: b200 f713 020d b600 bd1c 9b00 0f12 281b&#xa;    0x0000090: 1c03 b800 9511 ffff 3d12 2811 02a3 b800&#xa;    0x00000a0: 2e84 0601 a7ff 931c 9b00 0f12 281b 1c03&#xa;    0x00000b0: b800 9511 ffff 3d12 2811 02aa b800 2ebb&#xa;    0x00000c0: 0002 59b7 020e 3a04 1228 1102 abb8 002e&#xa;    0x00000d0: bb00 7159 1904 b702 0f3a 0512 2811 02ae&#xa;    0x00000e0: b800 2e2d b602 1211 02ae 3c11 0000 3d99&#xa;    0x00000f0: 0012 1228 1b1c 04b8 0095 11ff ff3d b802&#xa;    0x0000100: 151c 9b00 0f12 281b 1c03 b800 9511 ffff&#xa;    0x0000110: 3d12 2811 02b0 b800 2e19 05b2 0218 b602&#xa;    0x0000120: 1b12 2811 02b2 b800 2eb1               &#xa;  Stackmap Table:&#xa;    full_frame(@55,{Object[#521],Object[#265],Object[#521],Integer,Integer},{})&#xa;    same_frame_extended(@161)&#xa;    chop_frame(@191,3)&#xa;    append_frame(@281,Object[#2],Object[#113])&#xa;" type="java.lang.VerifyError">java.lang.VerifyError: Instruction type does not match stack map
Exception Details:
  Location:
    minicopier/Copier.main([Ljava/lang/String;)V @55: iload
  Reason:
    Type integer (current frame, locals[1]) is not assignable to &apos;minicopier/Configuration&apos; (stack map, locals[1])
  Current Frame:
    bci: @55
    flags: { }
    locals: { &apos;[Ljava/lang/String;&apos;, integer, integer, &apos;minicopier/Configuration&apos;, &apos;[Ljava/lang/String;&apos;, integer, integer }
    stack: { }
  Stackmap Frame:
    bci: @55
    flags: { }
    locals: { &apos;[Ljava/lang/String;&apos;, &apos;minicopier/Configuration&apos;, &apos;[Ljava/lang/String;&apos;, integer, integer }
    stack: { }
  Bytecode:
    0x0000000: 033c 11ff ff3d 1228 1102 a0b8 002e bb01
    0x0000010: 0959 b701 ff4e 1228 1102 a1b8 002e b202
    0x0000020: 02b8 0207 1228 1102 a3b8 002e 2a3a 0419
    0x0000030: 04be 3605 0336 0615 0615 0511 02a3 3c11
    0x0000040: 0000 3da2 0064 1228 1b1c 04b8 0095 11ff
    0x0000050: ff3d 1904 1506 323a 0712 2811 02a6 b800
    0x0000060: 2e19 0713 020b b601 5511 02a6 3c11 0000
    0x0000070: 3d99 0018 1228 1b1c 04b8 0095 11ff ff3d
    0x0000080: b200 f713 020d b600 bd1c 9b00 0f12 281b
    0x0000090: 1c03 b800 9511 ffff 3d12 2811 02a3 b800
    0x00000a0: 2e84 0601 a7ff 931c 9b00 0f12 281b 1c03
    0x00000b0: b800 9511 ffff 3d12 2811 02aa b800 2ebb
    0x00000c0: 0002 59b7 020e 3a04 1228 1102 abb8 002e
    0x00000d0: bb00 7159 1904 b702 0f3a 0512 2811 02ae
    0x00000e0: b800 2e2d b602 1211 02ae 3c11 0000 3d99
    0x00000f0: 0012 1228 1b1c 04b8 0095 11ff ff3d b802
    0x0000100: 151c 9b00 0f12 281b 1c03 b800 9511 ffff
    0x0000110: 3d12 2811 02b0 b800 2e19 05b2 0218 b602
    0x0000120: 1b12 2811 02b2 b800 2eb1               
  Stackmap Table:
    full_frame(@55,{Object[#521],Object[#265],Object[#521],Integer,Integer},{})
    same_frame_extended(@161)
    chop_frame(@191,3)
    append_frame(@281,Object[#2],Object[#113])

	at java.lang.Class.forName0(Native Method)
	at java.lang.Class.forName(Class.java:264)
</error>
  <system-out><![CDATA[]]></system-out>
  <system-err><![CDATA[]]></system-err>
</testsuite>
