<?xml version="1.0" encoding="UTF-8" ?>
<testsuite errors="1" failures="0" hostname="YASIN-PC" name="minicopier.gui.DialogMsg" skipped="0" tests="1" time="0.0" timestamp="2017-08-13T13:47:20">
  <properties>
[...]
</properties>
  <error message="Expecting a stackmap frame at branch target 102&#xa;Exception Details:&#xa;  Location:&#xa;    minicopier/gui/DialogMsg.prettySize(J)Ljava/lang/String; @39: ifge&#xa;  Reason:&#xa;    Expected stackmap frame at this location.&#xa;  Bytecode:&#xa;    0x0000000: 033d 11ff ff3e 121a 1100 bcb8 0020 12ef&#xa;    0x0000010: 3a04 121a 1100 bfb8 0020 1e14 00f0 9411&#xa;    0x0000020: 00bf 3d11 0000 3e9c 003f 1c11 00bf a000&#xa;    0x0000030: 161d 1100 00a0 000f 121a 1c1d 04b8 006c&#xa;    0x0000040: 11ff ff3e 121a 1100 c0b8 0020 bb00 b759&#xa;    0x0000050: b700 b81e b600 f412 f6b6 00be b200 32b6&#xa;    0x0000060: 00be b600 d2b0 1d9b 000f 121a 1c1d 03b8&#xa;    0x0000070: 006c 11ff ff3e 121a 1100 c1b8 0020 1e8a&#xa;    0x0000080: 1400 f914 00fb b801 0298 1100 c13d 1100&#xa;    0x0000090: 003e 9c00 531c 1100 c1a0 0016 1d11 0000&#xa;    0x00000a0: a000 0f12 1a1c 1d04 b800 6c11 ffff 3e12&#xa;    0x00000b0: 1a11 00c2 b800 201e 8a14 00f9 0fb8 0102&#xa;    0x00000c0: 6f39 0512 1a11 00c3 b800 20bb 00b7 59b7&#xa;    0x00000d0: 00b8 12f6 b600 beb2 0036 b600 beb6 00d2&#xa;    0x00000e0: 3a04 a701 4a1d 9b00 0f12 1a1c 1d03 b800&#xa;    0x00000f0: 6c11 ffff 3e12 1a11 00c4 b800 201e 8a14&#xa;    0x0000100: 00f9 1401 03b8 0102 9811 00c4 3d11 0000&#xa;    0x0000110: 3e9c 0055 1c11 00c4 a000 161d 1100 00a0&#xa;    0x0000120: 000f 121a 1c1d 04b8 006c 11ff ff3e 121a&#xa;    0x0000130: 1100 c5b8 0020 1e8a 1400 f914 00fb b801&#xa;    0x0000140: 026f 3905 121a 1100 c6b8 0020 bb00 b759&#xa;    0x0000150: b700 b812 f6b6 00be b200 3ab6 00be b600&#xa;    0x0000160: d23a 04a7 00c9 1d9b 000f 121a 1c1d 03b8&#xa;    0x0000170: 006c 11ff ff3e 121a 1100 c7b8 0020 1e8a&#xa;    0x0000180: 1400 f914 0105 b801 0298 1100 c73d 1100&#xa;    0x0000190: 003e 9c00 551c 1100 c7a0 0016 1d11 0000&#xa;    0x00001a0: a000 0f12 1a1c 1d04 b800 6c11 ffff 3e12&#xa;    0x00001b0: 1a11 00c8 b800 201e 8a14 00f9 1401 03b8&#xa;    0x00001c0: 0102 6f39 0512 1a11 00c9 b800 20bb 00b7&#xa;    0x00001d0: 59b7 00b8 12f6 b600 beb2 003e b600 beb6&#xa;    0x00001e0: 00d2 3a04 a700 481d 9b00 0f12 1a1c 1d03&#xa;    0x00001f0: b800 6c11 ffff 3e12 1a11 00cb b800 201e&#xa;    0x0000200: 8a14 00f9 1401 05b8 0102 6f39 0512 1a11&#xa;    0x0000210: 00cc b800 20bb 00b7 59b7 00b8 12f6 b600&#xa;    0x0000220: beb2 0042 b600 beb6 00d2 3a04 121a 1100&#xa;    0x0000230: cfb8 0020 1805 1401 076b 3905 121a 1100&#xa;    0x0000240: d0b8 0020 1805 1401 0963 b801 0e39 0512&#xa;    0x0000250: 1a11 00d1 b800 2018 0514 0107 6f39 0512&#xa;    0x0000260: 1a11 00d3 b800 20bb 00b7 59b7 00b8 1805&#xa;    0x0000270: b601 1119 04b6 00be b600 d2b0          &#xa;  Stackmap Table:&#xa;    append_frame(@126,Object[#248])&#xa;    same_frame_extended(@253)&#xa;    same_frame_extended(@382)&#xa;    same_frame_extended(@511)&#xa;    append_frame(@564,Double)&#xa;" type="java.lang.VerifyError">java.lang.VerifyError: Expecting a stackmap frame at branch target 102
Exception Details:
  Location:
    minicopier/gui/DialogMsg.prettySize(J)Ljava/lang/String; @39: ifge
  Reason:
    Expected stackmap frame at this location.
  Bytecode:
    0x0000000: 033d 11ff ff3e 121a 1100 bcb8 0020 12ef
    0x0000010: 3a04 121a 1100 bfb8 0020 1e14 00f0 9411
    0x0000020: 00bf 3d11 0000 3e9c 003f 1c11 00bf a000
    0x0000030: 161d 1100 00a0 000f 121a 1c1d 04b8 006c
    0x0000040: 11ff ff3e 121a 1100 c0b8 0020 bb00 b759
    0x0000050: b700 b81e b600 f412 f6b6 00be b200 32b6
    0x0000060: 00be b600 d2b0 1d9b 000f 121a 1c1d 03b8
    0x0000070: 006c 11ff ff3e 121a 1100 c1b8 0020 1e8a
    0x0000080: 1400 f914 00fb b801 0298 1100 c13d 1100
    0x0000090: 003e 9c00 531c 1100 c1a0 0016 1d11 0000
    0x00000a0: a000 0f12 1a1c 1d04 b800 6c11 ffff 3e12
    0x00000b0: 1a11 00c2 b800 201e 8a14 00f9 0fb8 0102
    0x00000c0: 6f39 0512 1a11 00c3 b800 20bb 00b7 59b7
    0x00000d0: 00b8 12f6 b600 beb2 0036 b600 beb6 00d2
    0x00000e0: 3a04 a701 4a1d 9b00 0f12 1a1c 1d03 b800
    0x00000f0: 6c11 ffff 3e12 1a11 00c4 b800 201e 8a14
    0x0000100: 00f9 1401 03b8 0102 9811 00c4 3d11 0000
    0x0000110: 3e9c 0055 1c11 00c4 a000 161d 1100 00a0
    0x0000120: 000f 121a 1c1d 04b8 006c 11ff ff3e 121a
    0x0000130: 1100 c5b8 0020 1e8a 1400 f914 00fb b801
    0x0000140: 026f 3905 121a 1100 c6b8 0020 bb00 b759
    0x0000150: b700 b812 f6b6 00be b200 3ab6 00be b600
    0x0000160: d23a 04a7 00c9 1d9b 000f 121a 1c1d 03b8
    0x0000170: 006c 11ff ff3e 121a 1100 c7b8 0020 1e8a
    0x0000180: 1400 f914 0105 b801 0298 1100 c73d 1100
    0x0000190: 003e 9c00 551c 1100 c7a0 0016 1d11 0000
    0x00001a0: a000 0f12 1a1c 1d04 b800 6c11 ffff 3e12
    0x00001b0: 1a11 00c8 b800 201e 8a14 00f9 1401 03b8
    0x00001c0: 0102 6f39 0512 1a11 00c9 b800 20bb 00b7
    0x00001d0: 59b7 00b8 12f6 b600 beb2 003e b600 beb6
    0x00001e0: 00d2 3a04 a700 481d 9b00 0f12 1a1c 1d03
    0x00001f0: b800 6c11 ffff 3e12 1a11 00cb b800 201e
    0x0000200: 8a14 00f9 1401 05b8 0102 6f39 0512 1a11
    0x0000210: 00cc b800 20bb 00b7 59b7 00b8 12f6 b600
    0x0000220: beb2 0042 b600 beb6 00d2 3a04 121a 1100
    0x0000230: cfb8 0020 1805 1401 076b 3905 121a 1100
    0x0000240: d0b8 0020 1805 1401 0963 b801 0e39 0512
    0x0000250: 1a11 00d1 b800 2018 0514 0107 6f39 0512
    0x0000260: 1a11 00d3 b800 20bb 00b7 59b7 00b8 1805
    0x0000270: b601 1119 04b6 00be b600 d2b0          
  Stackmap Table:
    append_frame(@126,Object[#248])
    same_frame_extended(@253)
    same_frame_extended(@382)
    same_frame_extended(@511)
    append_frame(@564,Double)

	at java.lang.Class.forName0(Native Method)
	at java.lang.Class.forName(Class.java:264)
</error>
  <system-out><![CDATA[]]></system-out>
  <system-err><![CDATA[]]></system-err>
</testsuite>
