<?xml version="1.0" encoding="UTF-8" ?>
<testsuite errors="1" failures="0" hostname="YASIN-PC" name="minicopier.FailedQueue" skipped="0" tests="1" time="0.0" timestamp="2017-08-13T13:47:18">
  <properties>
[...]
</properties>
  <error message="Instruction type does not match stack map&#xa;Exception Details:&#xa;  Location:&#xa;    minicopier/FailedQueue.remove([I)[I @72: iload&#xa;  Reason:&#xa;    Type integer (current frame, locals[2]) is not assignable to &apos;[I&apos; (stack map, locals[2])&#xa;  Current Frame:&#xa;    bci: @72&#xa;    flags: { }&#xa;    locals: { &apos;minicopier/FailedQueue&apos;, &apos;[I&apos;, integer, integer, &apos;[I&apos;, integer, integer, top, integer }&#xa;    stack: { }&#xa;  Stackmap Frame:&#xa;    bci: @72&#xa;    flags: { }&#xa;    locals: { &apos;minicopier/FailedQueue&apos;, &apos;[I&apos;, &apos;[I&apos;, integer, integer, top, integer }&#xa;    stack: { }&#xa;  Bytecode:&#xa;    0x0000000: 033d 11ff ff3e 1215 1100 43b8 001b 05bc&#xa;    0x0000010: 0a59 0302 4f59 0402 4f3a 0412 1511 0044&#xa;    0x0000020: b800 1b2b be36 0512 1511 0046 b800 1b03&#xa;    0x0000030: 3606 1215 1100 48b8 001b 0336 0812 1511&#xa;    0x0000040: 004a b800 1b03 3606 1506 1505 0464 1100&#xa;    0x0000050: 4a3d 1100 003e a300 691c 1100 4aa0 0016&#xa;    0x0000060: 1d11 0000 a000 0f12 151c 1d04 b800 7011&#xa;    0x0000070: ffff 3e12 1511 004b b800 1b2b 1506 2e15&#xa;    0x0000080: 0864 3607 1215 1100 4cb8 001b 2ab4 0025&#xa;    0x0000090: 1507 b600 7412 1511 004d b800 1b2a b400&#xa;    0x00000a0: 3815 07b6 0077 1215 1100 4eb8 001b 8408&#xa;    0x00000b0: 0112 1511 004a b800 1b84 0601 a7ff 8c1d&#xa;    0x00000c0: 9b00 0f12 151c 1d03 b800 7011 ffff 3e12&#xa;    0x00000d0: 1511 0050 b800 1b19 04b0               &#xa;  Stackmap Table:&#xa;    full_frame(@72,{Object[#2],Object[#108],Object[#108],Integer,Integer,Top,Integer},{})&#xa;    same_frame_extended(@215)&#xa;" type="java.lang.VerifyError">java.lang.VerifyError: Instruction type does not match stack map
Exception Details:
  Location:
    minicopier/FailedQueue.remove([I)[I @72: iload
  Reason:
    Type integer (current frame, locals[2]) is not assignable to &apos;[I&apos; (stack map, locals[2])
  Current Frame:
    bci: @72
    flags: { }
    locals: { &apos;minicopier/FailedQueue&apos;, &apos;[I&apos;, integer, integer, &apos;[I&apos;, integer, integer, top, integer }
    stack: { }
  Stackmap Frame:
    bci: @72
    flags: { }
    locals: { &apos;minicopier/FailedQueue&apos;, &apos;[I&apos;, &apos;[I&apos;, integer, integer, top, integer }
    stack: { }
  Bytecode:
    0x0000000: 033d 11ff ff3e 1215 1100 43b8 001b 05bc
    0x0000010: 0a59 0302 4f59 0402 4f3a 0412 1511 0044
    0x0000020: b800 1b2b be36 0512 1511 0046 b800 1b03
    0x0000030: 3606 1215 1100 48b8 001b 0336 0812 1511
    0x0000040: 004a b800 1b03 3606 1506 1505 0464 1100
    0x0000050: 4a3d 1100 003e a300 691c 1100 4aa0 0016
    0x0000060: 1d11 0000 a000 0f12 151c 1d04 b800 7011
    0x0000070: ffff 3e12 1511 004b b800 1b2b 1506 2e15
    0x0000080: 0864 3607 1215 1100 4cb8 001b 2ab4 0025
    0x0000090: 1507 b600 7412 1511 004d b800 1b2a b400
    0x00000a0: 3815 07b6 0077 1215 1100 4eb8 001b 8408
    0x00000b0: 0112 1511 004a b800 1b84 0601 a7ff 8c1d
    0x00000c0: 9b00 0f12 151c 1d03 b800 7011 ffff 3e12
    0x00000d0: 1511 0050 b800 1b19 04b0               
  Stackmap Table:
    full_frame(@72,{Object[#2],Object[#108],Object[#108],Integer,Integer,Top,Integer},{})
    same_frame_extended(@215)

	at java.lang.Class.forName0(Native Method)
	at java.lang.Class.forName(Class.java:264)
</error>
  <system-out><![CDATA[]]></system-out>
  <system-err><![CDATA[]]></system-err>
</testsuite>
