<?xml version="1.0" encoding="UTF-8" ?>
<testsuites>
  <testsuite errors="1" failures="0" hostname="YASIN-PC" id="0" name="Basket" package="minicopier" skipped="0" tests="1" time="0.105" timestamp="2017-08-13T13:47:17">
      <properties>
[...]
</properties>

      <testcase classname="minicopier.Basket" name="initializationError" time="0.007">
          <error message="org/hamcrest/SelfDescribing" type="java.lang.NoClassDefFoundError">java.lang.NoClassDefFoundError: org/hamcrest/SelfDescribing
	at java.lang.ClassLoader.defineClass1(Native Method)
	at java.lang.ClassLoader.defineClass(ClassLoader.java:763)
	at java.security.SecureClassLoader.defineClass(SecureClassLoader.java:142)
	at java.net.URLClassLoader.defineClass(URLClassLoader.java:467)
	at java.net.URLClassLoader.access$100(URLClassLoader.java:73)
	at java.net.URLClassLoader$1.run(URLClassLoader.java:368)
	at java.net.URLClassLoader$1.run(URLClassLoader.java:362)
	at java.security.AccessController.doPrivileged(Native Method)
	at java.net.URLClassLoader.findClass(URLClassLoader.java:361)
	at java.lang.ClassLoader.loadClass(ClassLoader.java:424)
	at sun.misc.Launcher$AppClassLoader.loadClass(Launcher.java:335)
	at java.lang.ClassLoader.loadClass(ClassLoader.java:357)
	at java.lang.reflect.Constructor.newInstance(Constructor.java:423)
Caused by: java.lang.ClassNotFoundException: org.hamcrest.SelfDescribing
	at java.net.URLClassLoader.findClass(URLClassLoader.java:381)
	at java.lang.ClassLoader.loadClass(ClassLoader.java:424)
	at sun.misc.Launcher$AppClassLoader.loadClass(Launcher.java:335)
	at java.lang.ClassLoader.loadClass(ClassLoader.java:357)
</error>

      </testcase>

      <system-out><![CDATA[]]></system-out>

      <system-err><![CDATA[]]></system-err>

  </testsuite>
  <testsuite errors="1" failures="0" hostname="YASIN-PC" id="1" name="Configuration" package="minicopier" skipped="0" tests="1" time="0.0" timestamp="2017-08-13T13:47:17">
      <properties>
[...]
</properties>

      <error message="Expecting a stackmap frame at branch target 172&#xa;Exception Details:&#xa;  Location:&#xa;    minicopier/Configuration.&lt;init&gt;()V @103: ifne&#xa;  Reason:&#xa;    Expected stackmap frame at this location.&#xa;  Bytecode:&#xa;    0x0000000: 033c 11ff ff3d 121b 1100 40b8 0021 2ab7&#xa;    0x0000010: 0023 121b 1100 42b8 0021 2a57 03b3 0025&#xa;    0x0000020: 121b 1100 44b8 0021 2a57 1226 b300 2812&#xa;    0x0000030: 1b11 0046 b800 21bb 002a 59b7 002b 4e12&#xa;    0x0000040: 1b11 0048 b800 21bb 002d 5912 0bb7 0030&#xa;    0x0000050: 3a04 121b 1100 4ab8 0021 1904 b600 3411&#xa;    0x0000060: 004a 3c11 0000 3d9a 0045 1b11 004a a000&#xa;    0x0000070: 161c 1100 00a0 000f 121b 1b1c 04b8 0038&#xa;    0x0000080: 11ff ff3d 121b 1100 4bb8 0021 b200 3e12&#xa;    0x0000090: 40b6 0045 121b 1100 4cb8 0021 2ab6 0048&#xa;    0x00000a0: 121b 1100 4db8 0021 04b3 004a 1c9b 000f&#xa;    0x00000b0: 121b 1b1c 03b8 0038 11ff ff3d 121b 1100&#xa;    0x00000c0: 51b8 0021 bb00 4c59 120b b700 4d3a 0512&#xa;    0x00000d0: 1b11 0052 b800 212d 1905 b600 5112 1b11&#xa;    0x00000e0: 0053 b800 2119 05b6 0054 121b 1100 56b8&#xa;    0x00000f0: 0021 a700 1a12 1b11 0054 b800 213a 0512&#xa;    0x0000100: 1b11 0055 b800 2119 05b6 0057 121b 1100&#xa;    0x0000110: 58b8 0021 2db8 005b 121b 1100 5ab8 0021&#xa;    0x0000120: b1                                     &#xa;  Exception Handler Table:&#xa;    bci [172, 234] =&gt; handler: 245&#xa;  Stackmap Table:&#xa;    full_frame(@196,{Object[#2],Object[#42],Object[#45]},{})&#xa;    same_locals_1_stack_item_frame(@253,Object[#25])&#xa;    same_frame(@276)&#xa;" type="java.lang.VerifyError">java.lang.VerifyError: Expecting a stackmap frame at branch target 172
Exception Details:
  Location:
    minicopier/Configuration.&lt;init&gt;()V @103: ifne
  Reason:
    Expected stackmap frame at this location.
  Bytecode:
    0x0000000: 033c 11ff ff3d 121b 1100 40b8 0021 2ab7
    0x0000010: 0023 121b 1100 42b8 0021 2a57 03b3 0025
    0x0000020: 121b 1100 44b8 0021 2a57 1226 b300 2812
    0x0000030: 1b11 0046 b800 21bb 002a 59b7 002b 4e12
    0x0000040: 1b11 0048 b800 21bb 002d 5912 0bb7 0030
    0x0000050: 3a04 121b 1100 4ab8 0021 1904 b600 3411
    0x0000060: 004a 3c11 0000 3d9a 0045 1b11 004a a000
    0x0000070: 161c 1100 00a0 000f 121b 1b1c 04b8 0038
    0x0000080: 11ff ff3d 121b 1100 4bb8 0021 b200 3e12
    0x0000090: 40b6 0045 121b 1100 4cb8 0021 2ab6 0048
    0x00000a0: 121b 1100 4db8 0021 04b3 004a 1c9b 000f
    0x00000b0: 121b 1b1c 03b8 0038 11ff ff3d 121b 1100
    0x00000c0: 51b8 0021 bb00 4c59 120b b700 4d3a 0512
    0x00000d0: 1b11 0052 b800 212d 1905 b600 5112 1b11
    0x00000e0: 0053 b800 2119 05b6 0054 121b 1100 56b8
    0x00000f0: 0021 a700 1a12 1b11 0054 b800 213a 0512
    0x0000100: 1b11 0055 b800 2119 05b6 0057 121b 1100
    0x0000110: 58b8 0021 2db8 005b 121b 1100 5ab8 0021
    0x0000120: b1                                     
  Exception Handler Table:
    bci [172, 234] =&gt; handler: 245
  Stackmap Table:
    full_frame(@196,{Object[#2],Object[#42],Object[#45]},{})
    same_locals_1_stack_item_frame(@253,Object[#25])
    same_frame(@276)

	at java.lang.Class.forName0(Native Method)
	at java.lang.Class.forName(Class.java:264)
</error>

      <system-out><![CDATA[]]></system-out>

      <system-err><![CDATA[]]></system-err>

  </testsuite>
  <testsuite errors="1" failures="0" hostname="YASIN-PC" id="2" name="Copier" package="minicopier" skipped="0" tests="1" time="0.0" timestamp="2017-08-13T13:47:18">
      <properties>
[...]
</properties>

      <error message="Instruction type does not match stack map&#xa;Exception Details:&#xa;  Location:&#xa;    minicopier/Copier.main([Ljava/lang/String;)V @55: iload&#xa;  Reason:&#xa;    Type integer (current frame, locals[1]) is not assignable to &apos;minicopier/Configuration&apos; (stack map, locals[1])&#xa;  Current Frame:&#xa;    bci: @55&#xa;    flags: { }&#xa;    locals: { &apos;[Ljava/lang/String;&apos;, integer, integer, &apos;minicopier/Configuration&apos;, &apos;[Ljava/lang/String;&apos;, integer, integer }&#xa;    stack: { }&#xa;  Stackmap Frame:&#xa;    bci: @55&#xa;    flags: { }&#xa;    locals: { &apos;[Ljava/lang/String;&apos;, &apos;minicopier/Configuration&apos;, &apos;[Ljava/lang/String;&apos;, integer, integer }&#xa;    stack: { }&#xa;  Bytecode:&#xa;    0x0000000: 033c 11ff ff3d 1228 1102 a0b8 002e bb01&#xa;    0x0000010: 0959 b701 ff4e 1228 1102 a1b8 002e b202&#xa;    0x0000020: 02b8 0207 1228 1102 a3b8 002e 2a3a 0419&#xa;    0x0000030: 04be 3605 0336 0615 0615 0511 02a3 3c11&#xa;    0x0000040: 0000 3da2 0064 1228 1b1c 04b8 0095 11ff&#xa;    0x0000050: ff3d 1904 1506 323a 0712 2811 02a6 b800&#xa;    0x0000060: 2e19 0713 020b b601 5511 02a6 3c11 0000&#xa;    0x0000070: 3d99 0018 1228 1b1c 04b8 0095 11ff ff3d&#xa;    0x0000080: b200 f713 020d b600 bd1c 9b00 0f12 281b&#xa;    0x0000090: 1c03 b800 9511 ffff 3d12 2811 02a3 b800&#xa;    0x00000a0: 2e84 0601 a7ff 931c 9b00 0f12 281b 1c03&#xa;    0x00000b0: b800 9511 ffff 3d12 2811 02aa b800 2ebb&#xa;    0x00000c0: 0002 59b7 020e 3a04 1228 1102 abb8 002e&#xa;    0x00000d0: bb00 7159 1904 b702 0f3a 0512 2811 02ae&#xa;    0x00000e0: b800 2e2d b602 1211 02ae 3c11 0000 3d99&#xa;    0x00000f0: 0012 1228 1b1c 04b8 0095 11ff ff3d b802&#xa;    0x0000100: 151c 9b00 0f12 281b 1c03 b800 9511 ffff&#xa;    0x0000110: 3d12 2811 02b0 b800 2e19 05b2 0218 b602&#xa;    0x0000120: 1b12 2811 02b2 b800 2eb1               &#xa;  Stackmap Table:&#xa;    full_frame(@55,{Object[#521],Object[#265],Object[#521],Integer,Integer},{})&#xa;    same_frame_extended(@161)&#xa;    chop_frame(@191,3)&#xa;    append_frame(@281,Object[#2],Object[#113])&#xa;" type="java.lang.VerifyError">java.lang.VerifyError: Instruction type does not match stack map
Exception Details:
  Location:
    minicopier/Copier.main([Ljava/lang/String;)V @55: iload
  Reason:
    Type integer (current frame, locals[1]) is not assignable to &apos;minicopier/Configuration&apos; (stack map, locals[1])
  Current Frame:
    bci: @55
    flags: { }
    locals: { &apos;[Ljava/lang/String;&apos;, integer, integer, &apos;minicopier/Configuration&apos;, &apos;[Ljava/lang/String;&apos;, integer, integer }
    stack: { }
  Stackmap Frame:
    bci: @55
    flags: { }
    locals: { &apos;[Ljava/lang/String;&apos;, &apos;minicopier/Configuration&apos;, &apos;[Ljava/lang/String;&apos;, integer, integer }
    stack: { }
  Bytecode:
    0x0000000: 033c 11ff ff3d 1228 1102 a0b8 002e bb01
    0x0000010: 0959 b701 ff4e 1228 1102 a1b8 002e b202
    0x0000020: 02b8 0207 1228 1102 a3b8 002e 2a3a 0419
    0x0000030: 04be 3605 0336 0615 0615 0511 02a3 3c11
    0x0000040: 0000 3da2 0064 1228 1b1c 04b8 0095 11ff
    0x0000050: ff3d 1904 1506 323a 0712 2811 02a6 b800
    0x0000060: 2e19 0713 020b b601 5511 02a6 3c11 0000
    0x0000070: 3d99 0018 1228 1b1c 04b8 0095 11ff ff3d
    0x0000080: b200 f713 020d b600 bd1c 9b00 0f12 281b
    0x0000090: 1c03 b800 9511 ffff 3d12 2811 02a3 b800
    0x00000a0: 2e84 0601 a7ff 931c 9b00 0f12 281b 1c03
    0x00000b0: b800 9511 ffff 3d12 2811 02aa b800 2ebb
    0x00000c0: 0002 59b7 020e 3a04 1228 1102 abb8 002e
    0x00000d0: bb00 7159 1904 b702 0f3a 0512 2811 02ae
    0x00000e0: b800 2e2d b602 1211 02ae 3c11 0000 3d99
    0x00000f0: 0012 1228 1b1c 04b8 0095 11ff ff3d b802
    0x0000100: 151c 9b00 0f12 281b 1c03 b800 9511 ffff
    0x0000110: 3d12 2811 02b0 b800 2e19 05b2 0218 b602
    0x0000120: 1b12 2811 02b2 b800 2eb1               
  Stackmap Table:
    full_frame(@55,{Object[#521],Object[#265],Object[#521],Integer,Integer},{})
    same_frame_extended(@161)
    chop_frame(@191,3)
    append_frame(@281,Object[#2],Object[#113])

	at java.lang.Class.forName0(Native Method)
	at java.lang.Class.forName(Class.java:264)
</error>

      <system-out><![CDATA[]]></system-out>

      <system-err><![CDATA[]]></system-err>

  </testsuite>
  <testsuite errors="1" failures="0" hostname="YASIN-PC" id="3" name="FailedQueue" package="minicopier" skipped="0" tests="1" time="0.0" timestamp="2017-08-13T13:47:18">
      <properties>
[...]
</properties>

      <error message="Instruction type does not match stack map&#xa;Exception Details:&#xa;  Location:&#xa;    minicopier/FailedQueue.remove([I)[I @72: iload&#xa;  Reason:&#xa;    Type integer (current frame, locals[2]) is not assignable to &apos;[I&apos; (stack map, locals[2])&#xa;  Current Frame:&#xa;    bci: @72&#xa;    flags: { }&#xa;    locals: { &apos;minicopier/FailedQueue&apos;, &apos;[I&apos;, integer, integer, &apos;[I&apos;, integer, integer, top, integer }&#xa;    stack: { }&#xa;  Stackmap Frame:&#xa;    bci: @72&#xa;    flags: { }&#xa;    locals: { &apos;minicopier/FailedQueue&apos;, &apos;[I&apos;, &apos;[I&apos;, integer, integer, top, integer }&#xa;    stack: { }&#xa;  Bytecode:&#xa;    0x0000000: 033d 11ff ff3e 1215 1100 43b8 001b 05bc&#xa;    0x0000010: 0a59 0302 4f59 0402 4f3a 0412 1511 0044&#xa;    0x0000020: b800 1b2b be36 0512 1511 0046 b800 1b03&#xa;    0x0000030: 3606 1215 1100 48b8 001b 0336 0812 1511&#xa;    0x0000040: 004a b800 1b03 3606 1506 1505 0464 1100&#xa;    0x0000050: 4a3d 1100 003e a300 691c 1100 4aa0 0016&#xa;    0x0000060: 1d11 0000 a000 0f12 151c 1d04 b800 7011&#xa;    0x0000070: ffff 3e12 1511 004b b800 1b2b 1506 2e15&#xa;    0x0000080: 0864 3607 1215 1100 4cb8 001b 2ab4 0025&#xa;    0x0000090: 1507 b600 7412 1511 004d b800 1b2a b400&#xa;    0x00000a0: 3815 07b6 0077 1215 1100 4eb8 001b 8408&#xa;    0x00000b0: 0112 1511 004a b800 1b84 0601 a7ff 8c1d&#xa;    0x00000c0: 9b00 0f12 151c 1d03 b800 7011 ffff 3e12&#xa;    0x00000d0: 1511 0050 b800 1b19 04b0               &#xa;  Stackmap Table:&#xa;    full_frame(@72,{Object[#2],Object[#108],Object[#108],Integer,Integer,Top,Integer},{})&#xa;    same_frame_extended(@215)&#xa;" type="java.lang.VerifyError">java.lang.VerifyError: Instruction type does not match stack map
Exception Details:
  Location:
    minicopier/FailedQueue.remove([I)[I @72: iload
  Reason:
    Type integer (current frame, locals[2]) is not assignable to &apos;[I&apos; (stack map, locals[2])
  Current Frame:
    bci: @72
    flags: { }
    locals: { &apos;minicopier/FailedQueue&apos;, &apos;[I&apos;, integer, integer, &apos;[I&apos;, integer, integer, top, integer }
    stack: { }
  Stackmap Frame:
    bci: @72
    flags: { }
    locals: { &apos;minicopier/FailedQueue&apos;, &apos;[I&apos;, &apos;[I&apos;, integer, integer, top, integer }
    stack: { }
  Bytecode:
    0x0000000: 033d 11ff ff3e 1215 1100 43b8 001b 05bc
    0x0000010: 0a59 0302 4f59 0402 4f3a 0412 1511 0044
    0x0000020: b800 1b2b be36 0512 1511 0046 b800 1b03
    0x0000030: 3606 1215 1100 48b8 001b 0336 0812 1511
    0x0000040: 004a b800 1b03 3606 1506 1505 0464 1100
    0x0000050: 4a3d 1100 003e a300 691c 1100 4aa0 0016
    0x0000060: 1d11 0000 a000 0f12 151c 1d04 b800 7011
    0x0000070: ffff 3e12 1511 004b b800 1b2b 1506 2e15
    0x0000080: 0864 3607 1215 1100 4cb8 001b 2ab4 0025
    0x0000090: 1507 b600 7412 1511 004d b800 1b2a b400
    0x00000a0: 3815 07b6 0077 1215 1100 4eb8 001b 8408
    0x00000b0: 0112 1511 004a b800 1b84 0601 a7ff 8c1d
    0x00000c0: 9b00 0f12 151c 1d03 b800 7011 ffff 3e12
    0x00000d0: 1511 0050 b800 1b19 04b0               
  Stackmap Table:
    full_frame(@72,{Object[#2],Object[#108],Object[#108],Integer,Integer,Top,Integer},{})
    same_frame_extended(@215)

	at java.lang.Class.forName0(Native Method)
	at java.lang.Class.forName(Class.java:264)
</error>

      <system-out><![CDATA[]]></system-out>

      <system-err><![CDATA[]]></system-err>

  </testsuite>
  <testsuite errors="1" failures="0" hostname="YASIN-PC" id="4" name="FileToTransfer" package="minicopier" skipped="0" tests="1" time="0.072" timestamp="2017-08-13T13:47:18">
      <properties>
[...]
</properties>

      <testcase classname="minicopier.FileToTransfer" name="initializationError" time="0.015">
          <error message="org/hamcrest/SelfDescribing" type="java.lang.NoClassDefFoundError">java.lang.NoClassDefFoundError: org/hamcrest/SelfDescribing
	at java.lang.ClassLoader.defineClass1(Native Method)
	at java.lang.ClassLoader.defineClass(ClassLoader.java:763)
	at java.security.SecureClassLoader.defineClass(SecureClassLoader.java:142)
	at java.net.URLClassLoader.defineClass(URLClassLoader.java:467)
	at java.net.URLClassLoader.access$100(URLClassLoader.java:73)
	at java.net.URLClassLoader$1.run(URLClassLoader.java:368)
	at java.net.URLClassLoader$1.run(URLClassLoader.java:362)
	at java.security.AccessController.doPrivileged(Native Method)
	at java.net.URLClassLoader.findClass(URLClassLoader.java:361)
	at java.lang.ClassLoader.loadClass(ClassLoader.java:424)
	at sun.misc.Launcher$AppClassLoader.loadClass(Launcher.java:335)
	at java.lang.ClassLoader.loadClass(ClassLoader.java:357)
	at java.lang.reflect.Constructor.newInstance(Constructor.java:423)
Caused by: java.lang.ClassNotFoundException: org.hamcrest.SelfDescribing
	at java.net.URLClassLoader.findClass(URLClassLoader.java:381)
	at java.lang.ClassLoader.loadClass(ClassLoader.java:424)
	at sun.misc.Launcher$AppClassLoader.loadClass(Launcher.java:335)
	at java.lang.ClassLoader.loadClass(ClassLoader.java:357)
</error>

      </testcase>

      <system-out><![CDATA[]]></system-out>

      <system-err><![CDATA[]]></system-err>

  </testsuite>
  <testsuite errors="1" failures="0" hostname="YASIN-PC" id="5" name="MainQueue" package="minicopier" skipped="0" tests="1" time="0.0" timestamp="2017-08-13T13:47:19">
      <properties>
[...]
</properties>

      <error message="Instruction type does not match stack map&#xa;Exception Details:&#xa;  Location:&#xa;    minicopier/MainQueue.remove([I)[I @72: iload&#xa;  Reason:&#xa;    Type integer (current frame, locals[2]) is not assignable to &apos;[I&apos; (stack map, locals[2])&#xa;  Current Frame:&#xa;    bci: @72&#xa;    flags: { }&#xa;    locals: { &apos;minicopier/MainQueue&apos;, &apos;[I&apos;, integer, integer, &apos;[I&apos;, integer, integer, top, integer }&#xa;    stack: { }&#xa;  Stackmap Frame:&#xa;    bci: @72&#xa;    flags: { }&#xa;    locals: { &apos;minicopier/MainQueue&apos;, &apos;[I&apos;, &apos;[I&apos;, integer, integer, top, integer }&#xa;    stack: { }&#xa;  Bytecode:&#xa;    0x0000000: 033d 11ff ff3e 1215 1100 dfb8 001b 05bc&#xa;    0x0000010: 0a59 0302 4f59 0402 4f3a 0412 1511 00e0&#xa;    0x0000020: b800 1b2b be36 0512 1511 00e2 b800 1b03&#xa;    0x0000030: 3606 1215 1100 e4b8 001b 0336 0812 1511&#xa;    0x0000040: 00e6 b800 1b03 3606 1506 1505 0464 1100&#xa;    0x0000050: e63d 1100 003e a300 871c 1100 e6a0 0016&#xa;    0x0000060: 1d11 0000 a000 0f12 151c 1d04 b800 8511&#xa;    0x0000070: ffff 3e12 1511 00e7 b800 1b2b 1506 2e15&#xa;    0x0000080: 0864 3607 1215 1100 e8b8 001b 2ab4 0020&#xa;    0x0000090: 2ab4 0025 1507 b600 88c0 0048 b600 50b6&#xa;    0x00000a0: 00ac 1215 1100 e9b8 001b 2ab4 0025 1507&#xa;    0x00000b0: b600 af12 1511 00ea b800 1b2a b400 3815&#xa;    0x00000c0: 07b6 0078 1215 1100 ebb8 001b 8408 0112&#xa;    0x00000d0: 1511 00e6 b800 1b84 0601 a7ff 6e1d 9b00&#xa;    0x00000e0: 0f12 151c 1d03 b800 8511 ffff 3e12 1511&#xa;    0x00000f0: 00f9 b800 1b19 04b0                    &#xa;  Stackmap Table:&#xa;    full_frame(@72,{Object[#2],Object[#129],Object[#129],Integer,Integer,Top,Integer},{})&#xa;    same_frame_extended(@245)&#xa;" type="java.lang.VerifyError">java.lang.VerifyError: Instruction type does not match stack map
Exception Details:
  Location:
    minicopier/MainQueue.remove([I)[I @72: iload
  Reason:
    Type integer (current frame, locals[2]) is not assignable to &apos;[I&apos; (stack map, locals[2])
  Current Frame:
    bci: @72
    flags: { }
    locals: { &apos;minicopier/MainQueue&apos;, &apos;[I&apos;, integer, integer, &apos;[I&apos;, integer, integer, top, integer }
    stack: { }
  Stackmap Frame:
    bci: @72
    flags: { }
    locals: { &apos;minicopier/MainQueue&apos;, &apos;[I&apos;, &apos;[I&apos;, integer, integer, top, integer }
    stack: { }
  Bytecode:
    0x0000000: 033d 11ff ff3e 1215 1100 dfb8 001b 05bc
    0x0000010: 0a59 0302 4f59 0402 4f3a 0412 1511 00e0
    0x0000020: b800 1b2b be36 0512 1511 00e2 b800 1b03
    0x0000030: 3606 1215 1100 e4b8 001b 0336 0812 1511
    0x0000040: 00e6 b800 1b03 3606 1506 1505 0464 1100
    0x0000050: e63d 1100 003e a300 871c 1100 e6a0 0016
    0x0000060: 1d11 0000 a000 0f12 151c 1d04 b800 8511
    0x0000070: ffff 3e12 1511 00e7 b800 1b2b 1506 2e15
    0x0000080: 0864 3607 1215 1100 e8b8 001b 2ab4 0020
    0x0000090: 2ab4 0025 1507 b600 88c0 0048 b600 50b6
    0x00000a0: 00ac 1215 1100 e9b8 001b 2ab4 0025 1507
    0x00000b0: b600 af12 1511 00ea b800 1b2a b400 3815
    0x00000c0: 07b6 0078 1215 1100 ebb8 001b 8408 0112
    0x00000d0: 1511 00e6 b800 1b84 0601 a7ff 6e1d 9b00
    0x00000e0: 0f12 151c 1d03 b800 8511 ffff 3e12 1511
    0x00000f0: 00f9 b800 1b19 04b0                    
  Stackmap Table:
    full_frame(@72,{Object[#2],Object[#129],Object[#129],Integer,Integer,Top,Integer},{})
    same_frame_extended(@245)

	at java.lang.Class.forName0(Native Method)
	at java.lang.Class.forName(Class.java:264)
</error>

      <system-out><![CDATA[]]></system-out>

      <system-err><![CDATA[]]></system-err>

  </testsuite>
  <testsuite errors="1" failures="0" hostname="YASIN-PC" id="6" name="ThroughputLimitInputStream" package="minicopier" skipped="0" tests="1" time="0.0" timestamp="2017-08-13T13:47:19">
      <properties>
[...]
</properties>

      <error message="Expecting a stackmap frame at branch target 80&#xa;Exception Details:&#xa;  Location:&#xa;    minicopier/ThroughputLimitInputStream.read()I @38: iflt&#xa;  Reason:&#xa;    Expected stackmap frame at this location.&#xa;  Bytecode:&#xa;    0x0000000: 033c 11ff ff3d 1210 1100 bdb8 0016 b800&#xa;    0x0000010: 3085 4212 1011 00c0 b800 1621 0994 1100&#xa;    0x0000020: c03c 1100 003d 9b00 2a1b 1100 c0a0 0016&#xa;    0x0000030: 1c11 0000 a000 0f12 101b 1c04 b800 3811&#xa;    0x0000040: ffff 3d12 1011 00c1 b800 162a b700 5657&#xa;    0x0000050: 1c9b 000f 1210 1b1c 03b8 0038 11ff ff3d&#xa;    0x0000060: 1210 1100 c4b8 0016 2ab4 001b b600 5836&#xa;    0x0000070: 0512 1011 00c7 b800 1615 0511 00c7 3c11&#xa;    0x0000080: 0000 3d9e 002a 1b11 00c7 a000 161c 1100&#xa;    0x0000090: 00a0 000f 1210 1b1c 04b8 0038 11ff ff3d&#xa;    0x00000a0: 1210 1100 c8b8 0016 2a0a b700 5a1c 9b00&#xa;    0x00000b0: 0f12 101b 1c03 b800 3811 ffff 3d12 1011&#xa;    0x00000c0: 00ca b800 1615 05ac                    &#xa;  Stackmap Table:&#xa;    append_frame(@104,Long)&#xa;    append_frame(@197,Integer)&#xa;" type="java.lang.VerifyError">java.lang.VerifyError: Expecting a stackmap frame at branch target 80
Exception Details:
  Location:
    minicopier/ThroughputLimitInputStream.read()I @38: iflt
  Reason:
    Expected stackmap frame at this location.
  Bytecode:
    0x0000000: 033c 11ff ff3d 1210 1100 bdb8 0016 b800
    0x0000010: 3085 4212 1011 00c0 b800 1621 0994 1100
    0x0000020: c03c 1100 003d 9b00 2a1b 1100 c0a0 0016
    0x0000030: 1c11 0000 a000 0f12 101b 1c04 b800 3811
    0x0000040: ffff 3d12 1011 00c1 b800 162a b700 5657
    0x0000050: 1c9b 000f 1210 1b1c 03b8 0038 11ff ff3d
    0x0000060: 1210 1100 c4b8 0016 2ab4 001b b600 5836
    0x0000070: 0512 1011 00c7 b800 1615 0511 00c7 3c11
    0x0000080: 0000 3d9e 002a 1b11 00c7 a000 161c 1100
    0x0000090: 00a0 000f 1210 1b1c 04b8 0038 11ff ff3d
    0x00000a0: 1210 1100 c8b8 0016 2a0a b700 5a1c 9b00
    0x00000b0: 0f12 101b 1c03 b800 3811 ffff 3d12 1011
    0x00000c0: 00ca b800 1615 05ac                    
  Stackmap Table:
    append_frame(@104,Long)
    append_frame(@197,Integer)

	at java.lang.Class.forName0(Native Method)
	at java.lang.Class.forName(Class.java:264)
</error>

      <system-out><![CDATA[]]></system-out>

      <system-err><![CDATA[]]></system-err>

  </testsuite>
  <testsuite errors="1" failures="0" hostname="YASIN-PC" id="7" name="TransferTask" package="minicopier" skipped="0" tests="1" time="0.0" timestamp="2017-08-13T13:47:19">
      <properties>
[...]
</properties>

      <error message="Expecting a stackmap frame at branch target 1003&#xa;Exception Details:&#xa;  Location:&#xa;    minicopier/TransferTask.run()V @74: ldc&#xa;  Reason:&#xa;    Expected stackmap frame at this location.&#xa;  Bytecode:&#xa;    0x0000000: 033c 11ff ff3d 121b 1100 60b8 0021 014e&#xa;    0x0000010: 121b 1100 61b8 0021 013a 0412 1b11 0064&#xa;    0x0000020: b800 2112 7636 0512 1b11 0066 b800 212a&#xa;    0x0000030: b400 262a b400 4ab6 007c 121b 1100 67b8&#xa;    0x0000040: 0021 2ab4 0026 09b6 007f 121b 1100 6bb8&#xa;    0x0000050: 0021 2ab4 0038 b600 8457 121b 1100 6db8&#xa;    0x0000060: 0021 2ab4 0033 b600 8757 121b 1100 70b8&#xa;    0x0000070: 0021 bb00 8959 bb00 8b59 2ab4 002e b700&#xa;    0x0000080: 8eb7 0091 4e12 1b11 0071 b800 21bb 0093&#xa;    0x0000090: 592a b400 332a b400 40b6 006c b700 963a&#xa;    0x00000a0: 0412 1b11 0073 b800 212a b400 40b6 006c&#xa;    0x00000b0: 1100 733c 1100 003d 9900 bf1b 1100 73a0&#xa;    0x00000c0: 0016 1c11 0000 a000 0f12 1b1b 1c04 b800&#xa;    0x00000d0: 9a11 ffff 3d12 1b11 0075 b800 212a b400&#xa;    0x00000e0: 33b6 009d 3706 121b 1100 77b8 0021 2d16&#xa;    0x00000f0: 06b6 00a1 3708 121b 1100 7bb8 0021 1608&#xa;    0x0000100: 1606 9411 007b 3c11 0000 3d99 004b 1b11&#xa;    0x0000110: 007b a000 161c 1100 00a0 000f 121b 1b1c&#xa;    0x0000120: 04b8 009a 11ff ff3d 121b 1100 7cb8 0021&#xa;    0x0000130: bb00 8959 bb00 8b59 2ab4 002e b700 8eb7&#xa;    0x0000140: 0091 4e12 1b11 007d b800 212d 1606 b600&#xa;    0x0000150: a137 08a7 ffa3 1c9b 000f 121b 1b1c 03b8&#xa;    0x0000160: 009a 11ff ff3d 121b 1100 80b8 0021 2ab4&#xa;    0x0000170: 0026 1608 b600 a41c 9b00 0f12 1b1b 1c03&#xa;    0x0000180: b800 9a11 ffff 3d12 1b11 0084 b800 2115&#xa;    0x0000190: 05bc 083a 061c 9b00 0f12 1b1b 1c03 b800&#xa;    0x00001a0: 9a11 ffff 3d12 1b11 0087 b800 212d 1906&#xa;    0x00001b0: b600 aa59 3607 0211 0087 3c11 0000 3d9f&#xa;    0x00001c0: 01a1 1b11 0087 a000 161c 1100 00a0 000f&#xa;    0x00001d0: 121b 1b1c 04b8 009a 11ff ff3d 121b 1100&#xa;    0x00001e0: 88b8 0021 1904 1906 0315 07b6 00ae 121b&#xa;    0x00001f0: 1100 8ab8 0021 2ab4 0026 1507 85b6 00a4&#xa;    0x0000200: 121b 1100 8cb8 0021 2ab4 0042 b600 6c11&#xa;    0x0000210: 008c 3c11 0000 3d99 0099 1b11 008c a000&#xa;    0x0000220: 161c 1100 00a0 000f 121b 1b1c 04b8 009a&#xa;    0x0000230: 11ff ff3d 121b 1100 8db8 0021 2a59 3a08&#xa;    0x0000240: c212 1b11 008f b800 212a b400 2604 b600&#xa;    0x0000250: b012 1b11 0090 b800 21b2 00b6 12b8 b600&#xa;    0x0000260: be12 1b11 0091 b800 212a b600 c112 1b11&#xa;    0x0000270: 0092 b800 212a b400 2603 b600 b012 1b11&#xa;    0x0000280: 0093 b800 21b2 00b6 12c3 b600 be12 1b11&#xa;    0x0000290: 0095 b800 21a7 0005 3a09 121b 1100 96b8&#xa;    0x00002a0: 0021 1908 c3a7 000b 3a0a 1908 c319 0abf&#xa;    0x00002b0: 1c9b 000f 121b 1b1c 03b8 009a 11ff ff3d&#xa;    0x00002c0: 121b 1100 9ab8 0021 2ab4 0044 b600 6c11&#xa;    0x00002d0: 009a 3c11 0000 3d99 febe 1b11 009a a000&#xa;    0x00002e0: 161c 1100 00a0 000f 121b 1b1c 04b8 009a&#xa;    0x00002f0: 11ff ff3d 121b 1100 acb8 0021 2db6 00c6&#xa;    0x0000300: 121b 1100 afb8 0021 a700 1d12 1b11 00ad&#xa;    0x0000310: b800 213a 0812 1b11 00ae b800 21b2 00b6&#xa;    0x0000320: 12c8 b600 be12 1b11 00b1 b800 2119 04b6&#xa;    0x0000330: 00c9 121b 1100 b4b8 0021 a700 1d12 1b11&#xa;    0x0000340: 00b2 b800 213a 0812 1b11 00b3 b800 21b2&#xa;    0x0000350: 00b6 12cb b600 be12 1b11 009b b800 21b1&#xa;    0x0000360: 1c9b 000f 121b 1b1c 03b8 009a 11ff ff3d&#xa;    0x0000370: 121b 1100 a1b8 0021 2a04 b500 4e12 1b11&#xa;    0x0000380: 00ac b800 212d b600 c612 1b11 00af b800&#xa;    0x0000390: 21a7 001d 121b 1100 adb8 0021 3a06 121b&#xa;    0x00003a0: 1100 aeb8 0021 b200 b612 c8b6 00be 121b&#xa;    0x00003b0: 1100 b1b8 0021 1904 b600 c912 1b11 00b4&#xa;    0x00003c0: b800 21a7 01a0 121b 1100 b2b8 0021 3a06&#xa;    0x00003d0: 121b 1100 b3b8 0021 b200 b612 cbb6 00be&#xa;    0x00003e0: 121b 1100 b5b8 0021 a701 7b12 1b11 00a4&#xa;    0x00003f0: b800 213a 0612 1b11 00ac b800 212d b600&#xa;    0x0000400: c612 1b11 00af b800 21a7 001d 121b 1100&#xa;    0x0000410: adb8 0021 3a06 121b 1100 aeb8 0021 b200&#xa;    0x0000420: b612 c8b6 00be 121b 1100 b1b8 0021 1904&#xa;    0x0000430: b600 c912 1b11 00b4 b800 21a7 0128 121b&#xa;    0x0000440: 1100 b2b8 0021 3a06 121b 1100 b3b8 0021&#xa;    0x0000450: b200 b612 cbb6 00be 121b 1100 b5b8 0021&#xa;    0x0000460: a701 0312 1b11 00a6 b800 213a 0612 1b11&#xa;    0x0000470: 00a7 b800 21b2 00b6 12cd b600 be12 1b11&#xa;    0x0000480: 00ac b800 212d b600 c612 1b11 00af b800&#xa;    0x0000490: 21a7 001d 121b 1100 adb8 0021 3a06 121b&#xa;    0x00004a0: 1100 aeb8 0021 b200 b612 c8b6 00be 121b&#xa;    0x00004b0: 1100 b1b8 0021 1904 b600 c912 1b11 00b4&#xa;    0x00004c0: b800 21a7 00a0 121b 1100 b2b8 0021 3a06&#xa;    0x00004d0: 121b 1100 b3b8 0021 b200 b612 cbb6 00be&#xa;    0x00004e0: 121b 1100 b5b8 0021 a700 7b12 1b11 00ab&#xa;    0x00004f0: b800 213a 0b12 1b11 00ac b800 212d b600&#xa;    0x0000500: c612 1b11 00af b800 21a7 001d 121b 1100&#xa;    0x0000510: adb8 0021 3a0c 121b 1100 aeb8 0021 b200&#xa;    0x0000520: b612 c8b6 00be 121b 1100 b1b8 0021 1904&#xa;    0x0000530: b600 c912 1b11 00b4 b800 21a7 001d 121b&#xa;    0x0000540: 1100 b2b8 0021 3a0c 121b 1100 b3b8 0021&#xa;    0x0000550: b200 b612 cbb6 00be 121b 1100 b4b8 0021&#xa;    0x0000560: 190b bf12 1b11 00b7 b800 21b1          &#xa;  Exception Handler Table:&#xa;    bci [577, 653] =&gt; handler: 664&#xa;    bci [577, 677] =&gt; handler: 680&#xa;    bci [680, 685] =&gt; handler: 680&#xa;    bci [730, 768] =&gt; handler: 779&#xa;    bci [805, 818] =&gt; handler: 829&#xa;    bci [893, 905] =&gt; handler: 916&#xa;    bci [942, 955] =&gt; handler: 966&#xa;    bci [74, 730] =&gt; handler: 1003&#xa;    bci [864, 893] =&gt; handler: 1003&#xa;    bci [1013, 1025] =&gt; handler: 1036&#xa;    bci [1062, 1075] =&gt; handler: 1086&#xa;    bci [74, 730] =&gt; handler: 1123&#xa;    bci [864, 893] =&gt; handler: 1123&#xa;    bci [1149, 1161] =&gt; handler: 1172&#xa;    bci [1198, 1211] =&gt; handler: 1222&#xa;    bci [74, 730] =&gt; handler: 1259&#xa;    bci [864, 893] =&gt; handler: 1259&#xa;    bci [1003, 1013] =&gt; handler: 1259&#xa;    bci [1123, 1149] =&gt; handler: 1259&#xa;    bci [1269, 1281] =&gt; handler: 1292&#xa;    bci [1318, 1331] =&gt; handler: 1342&#xa;    bci [1259, 1269] =&gt; handler: 1259&#xa;  Stackmap Table:&#xa;    full_frame(@254,{Object[#2],Object[#137],Object[#147],Integer,Long,Long},{})&#xa;    same_frame_extended(@366)&#xa;    chop_frame(@399,2)&#xa;    append_frame(@429,Object[#166])&#xa;    full_frame(@664,{Object[#2],Object[#137],Object[#147],Integer,Object[#166],Integer,Object[#95]},{Object[#111]})&#xa;    same_frame(@674)&#xa;    same_locals_1_stack_item_frame(@680,Object[#100])&#xa;    chop_frame(@712,1)&#xa;    same_locals_1_stack_item_extended(@787,Object[#113])&#xa;    same_frame(@813)&#xa;    same_locals_1_stack_item_frame(@837,Object[#113])&#xa;    same_frame(@863)&#xa;    same_frame(@888)&#xa;    full_frame(@924,{Object[#2],Object[#137],Object[#147],Integer},{Object[#113]})&#xa;    same_frame(@950)&#xa;    same_locals_1_stack_item_frame(@974,Object[#113])&#xa;    same_locals_1_stack_item_frame(@1011,Object[#115])&#xa;    same_locals_1_stack_item_frame(@1044,Object[#113])&#xa;    same_frame(@1070)&#xa;    same_locals_1_stack_item_frame(@1094,Object[#113])&#xa;    same_locals_1_stack_item_frame(@1131,Object[#117])&#xa;    same_locals_1_stack_item_frame(@1180,Object[#113])&#xa;    same_frame(@1206)&#xa;    same_locals_1_stack_item_frame(@1230,Object[#113])&#xa;    same_locals_1_stack_item_frame(@1267,Object[#100])&#xa;    full_frame(@1300,{Object[#2],Object[#137],Object[#147],Integer,Top,Top,Top,Top,Top,Object[#100]},{Object[#113]})&#xa;    same_frame(@1326)&#xa;    same_locals_1_stack_item_frame(@1350,Object[#113])&#xa;    same_frame(@1376)&#xa;    full_frame(@1387,{Object[#2],Object[#137],Object[#147],Integer},{})&#xa;" type="java.lang.VerifyError">java.lang.VerifyError: Expecting a stackmap frame at branch target 1003
Exception Details:
  Location:
    minicopier/TransferTask.run()V @74: ldc
  Reason:
    Expected stackmap frame at this location.
  Bytecode:
    0x0000000: 033c 11ff ff3d 121b 1100 60b8 0021 014e
    0x0000010: 121b 1100 61b8 0021 013a 0412 1b11 0064
    0x0000020: b800 2112 7636 0512 1b11 0066 b800 212a
    0x0000030: b400 262a b400 4ab6 007c 121b 1100 67b8
    0x0000040: 0021 2ab4 0026 09b6 007f 121b 1100 6bb8
    0x0000050: 0021 2ab4 0038 b600 8457 121b 1100 6db8
    0x0000060: 0021 2ab4 0033 b600 8757 121b 1100 70b8
    0x0000070: 0021 bb00 8959 bb00 8b59 2ab4 002e b700
    0x0000080: 8eb7 0091 4e12 1b11 0071 b800 21bb 0093
    0x0000090: 592a b400 332a b400 40b6 006c b700 963a
    0x00000a0: 0412 1b11 0073 b800 212a b400 40b6 006c
    0x00000b0: 1100 733c 1100 003d 9900 bf1b 1100 73a0
    0x00000c0: 0016 1c11 0000 a000 0f12 1b1b 1c04 b800
    0x00000d0: 9a11 ffff 3d12 1b11 0075 b800 212a b400
    0x00000e0: 33b6 009d 3706 121b 1100 77b8 0021 2d16
    0x00000f0: 06b6 00a1 3708 121b 1100 7bb8 0021 1608
    0x0000100: 1606 9411 007b 3c11 0000 3d99 004b 1b11
    0x0000110: 007b a000 161c 1100 00a0 000f 121b 1b1c
    0x0000120: 04b8 009a 11ff ff3d 121b 1100 7cb8 0021
    0x0000130: bb00 8959 bb00 8b59 2ab4 002e b700 8eb7
    0x0000140: 0091 4e12 1b11 007d b800 212d 1606 b600
    0x0000150: a137 08a7 ffa3 1c9b 000f 121b 1b1c 03b8
    0x0000160: 009a 11ff ff3d 121b 1100 80b8 0021 2ab4
    0x0000170: 0026 1608 b600 a41c 9b00 0f12 1b1b 1c03
    0x0000180: b800 9a11 ffff 3d12 1b11 0084 b800 2115
    0x0000190: 05bc 083a 061c 9b00 0f12 1b1b 1c03 b800
    0x00001a0: 9a11 ffff 3d12 1b11 0087 b800 212d 1906
    0x00001b0: b600 aa59 3607 0211 0087 3c11 0000 3d9f
    0x00001c0: 01a1 1b11 0087 a000 161c 1100 00a0 000f
    0x00001d0: 121b 1b1c 04b8 009a 11ff ff3d 121b 1100
    0x00001e0: 88b8 0021 1904 1906 0315 07b6 00ae 121b
    0x00001f0: 1100 8ab8 0021 2ab4 0026 1507 85b6 00a4
    0x0000200: 121b 1100 8cb8 0021 2ab4 0042 b600 6c11
    0x0000210: 008c 3c11 0000 3d99 0099 1b11 008c a000
    0x0000220: 161c 1100 00a0 000f 121b 1b1c 04b8 009a
    0x0000230: 11ff ff3d 121b 1100 8db8 0021 2a59 3a08
    0x0000240: c212 1b11 008f b800 212a b400 2604 b600
    0x0000250: b012 1b11 0090 b800 21b2 00b6 12b8 b600
    0x0000260: be12 1b11 0091 b800 212a b600 c112 1b11
    0x0000270: 0092 b800 212a b400 2603 b600 b012 1b11
    0x0000280: 0093 b800 21b2 00b6 12c3 b600 be12 1b11
    0x0000290: 0095 b800 21a7 0005 3a09 121b 1100 96b8
    0x00002a0: 0021 1908 c3a7 000b 3a0a 1908 c319 0abf
    0x00002b0: 1c9b 000f 121b 1b1c 03b8 009a 11ff ff3d
    0x00002c0: 121b 1100 9ab8 0021 2ab4 0044 b600 6c11
    0x00002d0: 009a 3c11 0000 3d99 febe 1b11 009a a000
    0x00002e0: 161c 1100 00a0 000f 121b 1b1c 04b8 009a
    0x00002f0: 11ff ff3d 121b 1100 acb8 0021 2db6 00c6
    0x0000300: 121b 1100 afb8 0021 a700 1d12 1b11 00ad
    0x0000310: b800 213a 0812 1b11 00ae b800 21b2 00b6
    0x0000320: 12c8 b600 be12 1b11 00b1 b800 2119 04b6
    0x0000330: 00c9 121b 1100 b4b8 0021 a700 1d12 1b11
    0x0000340: 00b2 b800 213a 0812 1b11 00b3 b800 21b2
    0x0000350: 00b6 12cb b600 be12 1b11 009b b800 21b1
    0x0000360: 1c9b 000f 121b 1b1c 03b8 009a 11ff ff3d
    0x0000370: 121b 1100 a1b8 0021 2a04 b500 4e12 1b11
    0x0000380: 00ac b800 212d b600 c612 1b11 00af b800
    0x0000390: 21a7 001d 121b 1100 adb8 0021 3a06 121b
    0x00003a0: 1100 aeb8 0021 b200 b612 c8b6 00be 121b
    0x00003b0: 1100 b1b8 0021 1904 b600 c912 1b11 00b4
    0x00003c0: b800 21a7 01a0 121b 1100 b2b8 0021 3a06
    0x00003d0: 121b 1100 b3b8 0021 b200 b612 cbb6 00be
    0x00003e0: 121b 1100 b5b8 0021 a701 7b12 1b11 00a4
    0x00003f0: b800 213a 0612 1b11 00ac b800 212d b600
    0x0000400: c612 1b11 00af b800 21a7 001d 121b 1100
    0x0000410: adb8 0021 3a06 121b 1100 aeb8 0021 b200
    0x0000420: b612 c8b6 00be 121b 1100 b1b8 0021 1904
    0x0000430: b600 c912 1b11 00b4 b800 21a7 0128 121b
    0x0000440: 1100 b2b8 0021 3a06 121b 1100 b3b8 0021
    0x0000450: b200 b612 cbb6 00be 121b 1100 b5b8 0021
    0x0000460: a701 0312 1b11 00a6 b800 213a 0612 1b11
    0x0000470: 00a7 b800 21b2 00b6 12cd b600 be12 1b11
    0x0000480: 00ac b800 212d b600 c612 1b11 00af b800
    0x0000490: 21a7 001d 121b 1100 adb8 0021 3a06 121b
    0x00004a0: 1100 aeb8 0021 b200 b612 c8b6 00be 121b
    0x00004b0: 1100 b1b8 0021 1904 b600 c912 1b11 00b4
    0x00004c0: b800 21a7 00a0 121b 1100 b2b8 0021 3a06
    0x00004d0: 121b 1100 b3b8 0021 b200 b612 cbb6 00be
    0x00004e0: 121b 1100 b5b8 0021 a700 7b12 1b11 00ab
    0x00004f0: b800 213a 0b12 1b11 00ac b800 212d b600
    0x0000500: c612 1b11 00af b800 21a7 001d 121b 1100
    0x0000510: adb8 0021 3a0c 121b 1100 aeb8 0021 b200
    0x0000520: b612 c8b6 00be 121b 1100 b1b8 0021 1904
    0x0000530: b600 c912 1b11 00b4 b800 21a7 001d 121b
    0x0000540: 1100 b2b8 0021 3a0c 121b 1100 b3b8 0021
    0x0000550: b200 b612 cbb6 00be 121b 1100 b4b8 0021
    0x0000560: 190b bf12 1b11 00b7 b800 21b1          
  Exception Handler Table:
    bci [577, 653] =&gt; handler: 664
    bci [577, 677] =&gt; handler: 680
    bci [680, 685] =&gt; handler: 680
    bci [730, 768] =&gt; handler: 779
    bci [805, 818] =&gt; handler: 829
    bci [893, 905] =&gt; handler: 916
    bci [942, 955] =&gt; handler: 966
    bci [74, 730] =&gt; handler: 1003
    bci [864, 893] =&gt; handler: 1003
    bci [1013, 1025] =&gt; handler: 1036
    bci [1062, 1075] =&gt; handler: 1086
    bci [74, 730] =&gt; handler: 1123
    bci [864, 893] =&gt; handler: 1123
    bci [1149, 1161] =&gt; handler: 1172
    bci [1198, 1211] =&gt; handler: 1222
    bci [74, 730] =&gt; handler: 1259
    bci [864, 893] =&gt; handler: 1259
    bci [1003, 1013] =&gt; handler: 1259
    bci [1123, 1149] =&gt; handler: 1259
    bci [1269, 1281] =&gt; handler: 1292
    bci [1318, 1331] =&gt; handler: 1342
    bci [1259, 1269] =&gt; handler: 1259
  Stackmap Table:
    full_frame(@254,{Object[#2],Object[#137],Object[#147],Integer,Long,Long},{})
    same_frame_extended(@366)
    chop_frame(@399,2)
    append_frame(@429,Object[#166])
    full_frame(@664,{Object[#2],Object[#137],Object[#147],Integer,Object[#166],Integer,Object[#95]},{Object[#111]})
    same_frame(@674)
    same_locals_1_stack_item_frame(@680,Object[#100])
    chop_frame(@712,1)
    same_locals_1_stack_item_extended(@787,Object[#113])
    same_frame(@813)
    same_locals_1_stack_item_frame(@837,Object[#113])
    same_frame(@863)
    same_frame(@888)
    full_frame(@924,{Object[#2],Object[#137],Object[#147],Integer},{Object[#113]})
    same_frame(@950)
    same_locals_1_stack_item_frame(@974,Object[#113])
    same_locals_1_stack_item_frame(@1011,Object[#115])
    same_locals_1_stack_item_frame(@1044,Object[#113])
    same_frame(@1070)
    same_locals_1_stack_item_frame(@1094,Object[#113])
    same_locals_1_stack_item_frame(@1131,Object[#117])
    same_locals_1_stack_item_frame(@1180,Object[#113])
    same_frame(@1206)
    same_locals_1_stack_item_frame(@1230,Object[#113])
    same_locals_1_stack_item_frame(@1267,Object[#100])
    full_frame(@1300,{Object[#2],Object[#137],Object[#147],Integer,Top,Top,Top,Top,Top,Object[#100]},{Object[#113]})
    same_frame(@1326)
    same_locals_1_stack_item_frame(@1350,Object[#113])
    same_frame(@1376)
    full_frame(@1387,{Object[#2],Object[#137],Object[#147],Integer},{})

	at java.lang.Class.forName0(Native Method)
	at java.lang.Class.forName(Class.java:264)
</error>

      <system-out><![CDATA[]]></system-out>

      <system-err><![CDATA[]]></system-err>

  </testsuite>
  <testsuite errors="1" failures="0" hostname="YASIN-PC" id="8" name="Credits" package="minicopier.gui" skipped="0" tests="1" time="0.099" timestamp="2017-08-13T13:47:20">
      <properties>
[...]
</properties>

      <testcase classname="minicopier.gui.Credits" name="initializationError" time="0.01">
          <error message="org/hamcrest/SelfDescribing" type="java.lang.NoClassDefFoundError">java.lang.NoClassDefFoundError: org/hamcrest/SelfDescribing
	at java.lang.ClassLoader.defineClass1(Native Method)
	at java.lang.ClassLoader.defineClass(ClassLoader.java:763)
	at java.security.SecureClassLoader.defineClass(SecureClassLoader.java:142)
	at java.net.URLClassLoader.defineClass(URLClassLoader.java:467)
	at java.net.URLClassLoader.access$100(URLClassLoader.java:73)
	at java.net.URLClassLoader$1.run(URLClassLoader.java:368)
	at java.net.URLClassLoader$1.run(URLClassLoader.java:362)
	at java.security.AccessController.doPrivileged(Native Method)
	at java.net.URLClassLoader.findClass(URLClassLoader.java:361)
	at java.lang.ClassLoader.loadClass(ClassLoader.java:424)
	at sun.misc.Launcher$AppClassLoader.loadClass(Launcher.java:335)
	at java.lang.ClassLoader.loadClass(ClassLoader.java:357)
	at java.lang.reflect.Constructor.newInstance(Constructor.java:423)
Caused by: java.lang.ClassNotFoundException: org.hamcrest.SelfDescribing
	at java.net.URLClassLoader.findClass(URLClassLoader.java:381)
	at java.lang.ClassLoader.loadClass(ClassLoader.java:424)
	at sun.misc.Launcher$AppClassLoader.loadClass(Launcher.java:335)
	at java.lang.ClassLoader.loadClass(ClassLoader.java:357)
</error>

      </testcase>

      <system-out><![CDATA[]]></system-out>

      <system-err><![CDATA[]]></system-err>

  </testsuite>
  <testsuite errors="1" failures="0" hostname="YASIN-PC" id="9" name="DialogMsg" package="minicopier.gui" skipped="0" tests="1" time="0.0" timestamp="2017-08-13T13:47:20">
      <properties>
[...]
</properties>

      <error message="Expecting a stackmap frame at branch target 102&#xa;Exception Details:&#xa;  Location:&#xa;    minicopier/gui/DialogMsg.prettySize(J)Ljava/lang/String; @39: ifge&#xa;  Reason:&#xa;    Expected stackmap frame at this location.&#xa;  Bytecode:&#xa;    0x0000000: 033d 11ff ff3e 121a 1100 bcb8 0020 12ef&#xa;    0x0000010: 3a04 121a 1100 bfb8 0020 1e14 00f0 9411&#xa;    0x0000020: 00bf 3d11 0000 3e9c 003f 1c11 00bf a000&#xa;    0x0000030: 161d 1100 00a0 000f 121a 1c1d 04b8 006c&#xa;    0x0000040: 11ff ff3e 121a 1100 c0b8 0020 bb00 b759&#xa;    0x0000050: b700 b81e b600 f412 f6b6 00be b200 32b6&#xa;    0x0000060: 00be b600 d2b0 1d9b 000f 121a 1c1d 03b8&#xa;    0x0000070: 006c 11ff ff3e 121a 1100 c1b8 0020 1e8a&#xa;    0x0000080: 1400 f914 00fb b801 0298 1100 c13d 1100&#xa;    0x0000090: 003e 9c00 531c 1100 c1a0 0016 1d11 0000&#xa;    0x00000a0: a000 0f12 1a1c 1d04 b800 6c11 ffff 3e12&#xa;    0x00000b0: 1a11 00c2 b800 201e 8a14 00f9 0fb8 0102&#xa;    0x00000c0: 6f39 0512 1a11 00c3 b800 20bb 00b7 59b7&#xa;    0x00000d0: 00b8 12f6 b600 beb2 0036 b600 beb6 00d2&#xa;    0x00000e0: 3a04 a701 4a1d 9b00 0f12 1a1c 1d03 b800&#xa;    0x00000f0: 6c11 ffff 3e12 1a11 00c4 b800 201e 8a14&#xa;    0x0000100: 00f9 1401 03b8 0102 9811 00c4 3d11 0000&#xa;    0x0000110: 3e9c 0055 1c11 00c4 a000 161d 1100 00a0&#xa;    0x0000120: 000f 121a 1c1d 04b8 006c 11ff ff3e 121a&#xa;    0x0000130: 1100 c5b8 0020 1e8a 1400 f914 00fb b801&#xa;    0x0000140: 026f 3905 121a 1100 c6b8 0020 bb00 b759&#xa;    0x0000150: b700 b812 f6b6 00be b200 3ab6 00be b600&#xa;    0x0000160: d23a 04a7 00c9 1d9b 000f 121a 1c1d 03b8&#xa;    0x0000170: 006c 11ff ff3e 121a 1100 c7b8 0020 1e8a&#xa;    0x0000180: 1400 f914 0105 b801 0298 1100 c73d 1100&#xa;    0x0000190: 003e 9c00 551c 1100 c7a0 0016 1d11 0000&#xa;    0x00001a0: a000 0f12 1a1c 1d04 b800 6c11 ffff 3e12&#xa;    0x00001b0: 1a11 00c8 b800 201e 8a14 00f9 1401 03b8&#xa;    0x00001c0: 0102 6f39 0512 1a11 00c9 b800 20bb 00b7&#xa;    0x00001d0: 59b7 00b8 12f6 b600 beb2 003e b600 beb6&#xa;    0x00001e0: 00d2 3a04 a700 481d 9b00 0f12 1a1c 1d03&#xa;    0x00001f0: b800 6c11 ffff 3e12 1a11 00cb b800 201e&#xa;    0x0000200: 8a14 00f9 1401 05b8 0102 6f39 0512 1a11&#xa;    0x0000210: 00cc b800 20bb 00b7 59b7 00b8 12f6 b600&#xa;    0x0000220: beb2 0042 b600 beb6 00d2 3a04 121a 1100&#xa;    0x0000230: cfb8 0020 1805 1401 076b 3905 121a 1100&#xa;    0x0000240: d0b8 0020 1805 1401 0963 b801 0e39 0512&#xa;    0x0000250: 1a11 00d1 b800 2018 0514 0107 6f39 0512&#xa;    0x0000260: 1a11 00d3 b800 20bb 00b7 59b7 00b8 1805&#xa;    0x0000270: b601 1119 04b6 00be b600 d2b0          &#xa;  Stackmap Table:&#xa;    append_frame(@126,Object[#248])&#xa;    same_frame_extended(@253)&#xa;    same_frame_extended(@382)&#xa;    same_frame_extended(@511)&#xa;    append_frame(@564,Double)&#xa;" type="java.lang.VerifyError">java.lang.VerifyError: Expecting a stackmap frame at branch target 102
Exception Details:
  Location:
    minicopier/gui/DialogMsg.prettySize(J)Ljava/lang/String; @39: ifge
  Reason:
    Expected stackmap frame at this location.
  Bytecode:
    0x0000000: 033d 11ff ff3e 121a 1100 bcb8 0020 12ef
    0x0000010: 3a04 121a 1100 bfb8 0020 1e14 00f0 9411
    0x0000020: 00bf 3d11 0000 3e9c 003f 1c11 00bf a000
    0x0000030: 161d 1100 00a0 000f 121a 1c1d 04b8 006c
    0x0000040: 11ff ff3e 121a 1100 c0b8 0020 bb00 b759
    0x0000050: b700 b81e b600 f412 f6b6 00be b200 32b6
    0x0000060: 00be b600 d2b0 1d9b 000f 121a 1c1d 03b8
    0x0000070: 006c 11ff ff3e 121a 1100 c1b8 0020 1e8a
    0x0000080: 1400 f914 00fb b801 0298 1100 c13d 1100
    0x0000090: 003e 9c00 531c 1100 c1a0 0016 1d11 0000
    0x00000a0: a000 0f12 1a1c 1d04 b800 6c11 ffff 3e12
    0x00000b0: 1a11 00c2 b800 201e 8a14 00f9 0fb8 0102
    0x00000c0: 6f39 0512 1a11 00c3 b800 20bb 00b7 59b7
    0x00000d0: 00b8 12f6 b600 beb2 0036 b600 beb6 00d2
    0x00000e0: 3a04 a701 4a1d 9b00 0f12 1a1c 1d03 b800
    0x00000f0: 6c11 ffff 3e12 1a11 00c4 b800 201e 8a14
    0x0000100: 00f9 1401 03b8 0102 9811 00c4 3d11 0000
    0x0000110: 3e9c 0055 1c11 00c4 a000 161d 1100 00a0
    0x0000120: 000f 121a 1c1d 04b8 006c 11ff ff3e 121a
    0x0000130: 1100 c5b8 0020 1e8a 1400 f914 00fb b801
    0x0000140: 026f 3905 121a 1100 c6b8 0020 bb00 b759
    0x0000150: b700 b812 f6b6 00be b200 3ab6 00be b600
    0x0000160: d23a 04a7 00c9 1d9b 000f 121a 1c1d 03b8
    0x0000170: 006c 11ff ff3e 121a 1100 c7b8 0020 1e8a
    0x0000180: 1400 f914 0105 b801 0298 1100 c73d 1100
    0x0000190: 003e 9c00 551c 1100 c7a0 0016 1d11 0000
    0x00001a0: a000 0f12 1a1c 1d04 b800 6c11 ffff 3e12
    0x00001b0: 1a11 00c8 b800 201e 8a14 00f9 1401 03b8
    0x00001c0: 0102 6f39 0512 1a11 00c9 b800 20bb 00b7
    0x00001d0: 59b7 00b8 12f6 b600 beb2 003e b600 beb6
    0x00001e0: 00d2 3a04 a700 481d 9b00 0f12 1a1c 1d03
    0x00001f0: b800 6c11 ffff 3e12 1a11 00cb b800 201e
    0x0000200: 8a14 00f9 1401 05b8 0102 6f39 0512 1a11
    0x0000210: 00cc b800 20bb 00b7 59b7 00b8 12f6 b600
    0x0000220: beb2 0042 b600 beb6 00d2 3a04 121a 1100
    0x0000230: cfb8 0020 1805 1401 076b 3905 121a 1100
    0x0000240: d0b8 0020 1805 1401 0963 b801 0e39 0512
    0x0000250: 1a11 00d1 b800 2018 0514 0107 6f39 0512
    0x0000260: 1a11 00d3 b800 20bb 00b7 59b7 00b8 1805
    0x0000270: b601 1119 04b6 00be b600 d2b0          
  Stackmap Table:
    append_frame(@126,Object[#248])
    same_frame_extended(@253)
    same_frame_extended(@382)
    same_frame_extended(@511)
    append_frame(@564,Double)

	at java.lang.Class.forName0(Native Method)
	at java.lang.Class.forName(Class.java:264)
</error>

      <system-out><![CDATA[]]></system-out>

      <system-err><![CDATA[]]></system-err>

  </testsuite>
  <testsuite errors="1" failures="0" hostname="YASIN-PC" id="10" name="FailedPanel" package="minicopier.gui" skipped="0" tests="1" time="0.07" timestamp="2017-08-13T13:47:20">
      <properties>
[...]
</properties>

      <testcase classname="minicopier.gui.FailedPanel" name="initializationError" time="0.007">
          <error message="org/hamcrest/SelfDescribing" type="java.lang.NoClassDefFoundError">java.lang.NoClassDefFoundError: org/hamcrest/SelfDescribing
	at java.lang.ClassLoader.defineClass1(Native Method)
	at java.lang.ClassLoader.defineClass(ClassLoader.java:763)
	at java.security.SecureClassLoader.defineClass(SecureClassLoader.java:142)
	at java.net.URLClassLoader.defineClass(URLClassLoader.java:467)
	at java.net.URLClassLoader.access$100(URLClassLoader.java:73)
	at java.net.URLClassLoader$1.run(URLClassLoader.java:368)
	at java.net.URLClassLoader$1.run(URLClassLoader.java:362)
	at java.security.AccessController.doPrivileged(Native Method)
	at java.net.URLClassLoader.findClass(URLClassLoader.java:361)
	at java.lang.ClassLoader.loadClass(ClassLoader.java:424)
	at sun.misc.Launcher$AppClassLoader.loadClass(Launcher.java:335)
	at java.lang.ClassLoader.loadClass(ClassLoader.java:357)
	at java.lang.reflect.Constructor.newInstance(Constructor.java:423)
Caused by: java.lang.ClassNotFoundException: org.hamcrest.SelfDescribing
	at java.net.URLClassLoader.findClass(URLClassLoader.java:381)
	at java.lang.ClassLoader.loadClass(ClassLoader.java:424)
	at sun.misc.Launcher$AppClassLoader.loadClass(Launcher.java:335)
	at java.lang.ClassLoader.loadClass(ClassLoader.java:357)
</error>

      </testcase>

      <system-out><![CDATA[]]></system-out>

      <system-err><![CDATA[]]></system-err>

  </testsuite>
  <testsuite errors="1" failures="0" hostname="YASIN-PC" id="11" name="MainFrame" package="minicopier.gui" skipped="0" tests="1" time="0.0" timestamp="2017-08-13T13:47:21">
      <properties>
[...]
</properties>

      <error message="Expecting a stackmap frame at branch target 123&#xa;Exception Details:&#xa;  Location:&#xa;    minicopier/gui/MainFrame.&lt;init&gt;(Lminicopier/Copier;)V @65: ifeq&#xa;  Reason:&#xa;    Expected stackmap frame at this location.&#xa;  Bytecode:&#xa;    0x0000000: 033d 11ff ff3e 1245 1100 39b8 004b 2ab7&#xa;    0x0000010: 004e 1245 1100 3bb8 004b 2ab3 0050 1245&#xa;    0x0000020: 1100 3db8 004b b800 5512 4511 0041 b800&#xa;    0x0000030: 4bb2 005b 125d b600 6311 0041 3d11 0000&#xa;    0x0000040: 3e99 003a 1c11 0041 a000 161d 1100 00a0&#xa;    0x0000050: 000f 1245 1c1d 04b8 0067 11ff ff3e 1245&#xa;    0x0000060: 1100 43b8 004b 1269 b800 6f12 4511 0044&#xa;    0x0000070: b800 4ba7 0079 3a04 a700 741d 9b00 0f12&#xa;    0x0000080: 451c 1d03 b800 6711 ffff 3e12 4511 0049&#xa;    0x0000090: b800 4b12 73b2 0079 b800 7d57 1245 1100&#xa;    0x00000a0: 4ab8 004b b200 5b12 7fb6 0063 1100 4a3d&#xa;    0x00000b0: 1100 003e 9900 381c 1100 4aa0 0016 1d11&#xa;    0x00000c0: 0000 a000 0f12 451c 1d04 b800 6711 ffff&#xa;    0x00000d0: 3e12 4511 004c b800 4bb8 0083 b800 6f12&#xa;    0x00000e0: 4511 004e b800 4ba7 0005 3a04 1d9b 000f&#xa;    0x00000f0: 1245 1c1d 03b8 0067 11ff ff3e 1245 1100&#xa;    0x0000100: 51b8 004b 2a2b b500 8512 4511 0052 b800&#xa;    0x0000110: 4b2a b400 852a b600 8912 4511 0054 b800&#xa;    0x0000120: 4b2a 2ab4 0085 57b2 008c b600 8f12 4511&#xa;    0x0000130: 0055 b800 4b2a 1101 d611 0190 b600 9312&#xa;    0x0000140: 4511 0057 b800 4b2a 06b6 0097 1245 1100&#xa;    0x0000150: 58b8 004b 2a01 b600 9b12 4511 0059 b800&#xa;    0x0000160: 4b2a 2a12 9db6 00a1 b600 a512 4511 005c&#xa;    0x0000170: b800 4b2a bb00 a759 2ab7 00a9 b500 ab12&#xa;    0x0000180: 4511 005e b800 4b2a bb00 ad59 2ab7 00ae&#xa;    0x0000190: b500 b012 4511 0060 b800 4b2a bb00 b259&#xa;    0x00001a0: 2ab7 00b3 b500 b512 4511 0062 b800 4b2a&#xa;    0x00001b0: bb00 b759 2ab7 00b8 b500 ba12 4511 0067&#xa;    0x00001c0: b800 4bbb 00bc 59b7 00bd 3a04 1245 1100&#xa;    0x00001d0: 68b8 004b 1904 bb00 bf59 1904 04b7 00c2&#xa;    0x00001e0: b600 c612 4511 0069 b800 4b19 0412 c7b6&#xa;    0x00001f0: 00cb 1245 1100 6cb8 004b 1904 2ab4 00ab&#xa;    0x0000200: b600 cf57 1245 1100 6fb8 004b bb00 3259&#xa;    0x0000210: 2a01 b700 d23a 0512 4511 0070 b800 4bbb&#xa;    0x0000220: 0020 592a 01b7 00d3 3a06 1245 1100 71b8&#xa;    0x0000230: 004b bb00 1d59 2a01 b700 d43a 0712 4511&#xa;    0x0000240: 0072 b800 4bbb 001a 592a 01b7 00d5 3a08&#xa;    0x0000250: 1245 1100 73b8 004b bb00 1759 2a01 b700&#xa;    0x0000260: d63a 0912 4511 0075 b800 4b2a b400 abb4&#xa;    0x0000270: 00da 1909 b600 e012 4511 0076 b800 4b2a&#xa;    0x0000280: b400 abb4 00e4 1905 b600 ea12 4511 0077&#xa;    0x0000290: b800 4b2a b400 abb4 00ed 1906 b600 ea12&#xa;    0x00002a0: 4511 0078 b800 4b2a b400 abb4 00f0 1907&#xa;    0x00002b0: b600 ea12 4511 007a b800 4bbb 002f 592a&#xa;    0x00002c0: 01b7 00f1 3a0a 1245 1100 7bb8 004b bb00&#xa;    0x00002d0: 2c59 2a01 b700 f23a 0b12 4511 007c b800&#xa;    0x00002e0: 4bbb 00f4 592a b400 abb4 00da 190a b700&#xa;    0x00002f0: f73a 0c12 4511 007d b800 4bbb 00f4 592a&#xa;    0x0000300: b400 abb4 00fa 190b b700 f73a 0d12 4511&#xa;    0x0000310: 0082 b800 4bbb 00fc 59b7 00fd 3a0e 1245&#xa;    0x0000320: 1100 85b8 004b 190e 12ff b801 05bb 0107&#xa;    0x0000330: 592a 1301 09b6 00a1 b701 0b2a b400 b0b6&#xa;    0x0000340: 010f 1245 1100 87b8 004b bb00 2659 2a01&#xa;    0x0000350: b701 103a 0f12 4511 0088 b800 4b2a b400&#xa;    0x0000360: b0b4 0114 190f b601 1712 4511 0089 b800&#xa;    0x0000370: 4b2a b400 b0b4 011a 190f b601 1712 4511&#xa;    0x0000380: 008a b800 4b2a b400 b0b4 011d 190f b601&#xa;    0x0000390: 1712 4511 008b b800 4b2a b400 b0b4 0120&#xa;    0x00003a0: 190f b601 1712 4511 008c b800 4b2a b400&#xa;    0x00003b0: b0b4 0123 190f b601 1712 4511 008e b800&#xa;    0x00003c0: 4b19 0e13 0125 b801 05bb 0107 592a 1301&#xa;    0x00003d0: 27b6 00a1 b701 0b2a b400 b5b6 010f 1245&#xa;    0x00003e0: 1100 90b8 004b bb00 2359 2a01 b701 283a&#xa;    0x00003f0: 1012 4511 0091 b800 4b2a b400 b5b4 012b&#xa;    0x0000400: 1910 b601 1712 4511 0092 b800 4b2a b400&#xa;    0x0000410: b5b4 012e 1910 b601 1712 4511 0095 b800&#xa;    0x0000420: 4b19 0e13 0130 b801 05bb 0107 592a 1301&#xa;    0x0000430: 32b6 00a1 b701 0b2a b400 bab6 010f 1245&#xa;    0x0000440: 1100 97b8 004b bb00 1459 2a01 b701 333a&#xa;    0x0000450: 1112 4511 0098 b800 4bbb 000b 592a 01b7&#xa;    0x0000460: 0134 3a12 1245 1100 9ab8 004b 2ab4 00ba&#xa;    0x0000470: b401 3819 11b6 013b 1245 1100 9bb8 004b&#xa;    0x0000480: 2ab4 00ba b401 3e19 12b6 013b 1245 1100&#xa;    0x0000490: 9cb8 004b 2ab4 00ba b401 4119 08b6 00ea&#xa;    0x00004a0: 1245 1100 9db8 004b 2ab4 00ba b401 45bb&#xa;    0x00004b0: 0011 592a 01b7 0146 b601 4912 4511 009e&#xa;    0x00004c0: b800 4bbb 000e 592a 01b7 014a 3a13 1245&#xa;    0x00004d0: 1100 9fb8 004b 2ab4 00ba b401 4e19 13b6&#xa;    0x00004e0: 0154 1245 1100 a0b8 004b 2ab4 00ba b401&#xa;    0x00004f0: 5719 13b6 013b 1245 1100 a2b8 004b 1904&#xa;    0x0000500: 190e b600 cf57 1245 1100 a5b8 004b 2ab6&#xa;    0x0000510: 015b 1904 b601 5e57 1245 1100 a6b8 004b&#xa;    0x0000520: 2a04 b601 6212 4511 00a9 b800 4bbb 0029&#xa;    0x0000530: 592a 1101 f4b7 0165 3a14 1245 1100 aab8&#xa;    0x0000540: 004b 1914 b601 6812 4511 00ac b800 4bb1&#xa;    0x0000550:                                        &#xa;  Exception Handler Table:&#xa;    bci [68, 107] =&gt; handler: 118&#xa;    bci [183, 223] =&gt; handler: 234&#xa;  Stackmap Table:&#xa;    full_frame(@118,{Object[#2],Object[#113]},{Object[#67]})&#xa;    same_frame(@147)&#xa;    same_locals_1_stack_item_extended(@234,Object[#67])&#xa;    same_frame(@260)&#xa;" type="java.lang.VerifyError">java.lang.VerifyError: Expecting a stackmap frame at branch target 123
Exception Details:
  Location:
    minicopier/gui/MainFrame.&lt;init&gt;(Lminicopier/Copier;)V @65: ifeq
  Reason:
    Expected stackmap frame at this location.
  Bytecode:
    0x0000000: 033d 11ff ff3e 1245 1100 39b8 004b 2ab7
    0x0000010: 004e 1245 1100 3bb8 004b 2ab3 0050 1245
    0x0000020: 1100 3db8 004b b800 5512 4511 0041 b800
    0x0000030: 4bb2 005b 125d b600 6311 0041 3d11 0000
    0x0000040: 3e99 003a 1c11 0041 a000 161d 1100 00a0
    0x0000050: 000f 1245 1c1d 04b8 0067 11ff ff3e 1245
    0x0000060: 1100 43b8 004b 1269 b800 6f12 4511 0044
    0x0000070: b800 4ba7 0079 3a04 a700 741d 9b00 0f12
    0x0000080: 451c 1d03 b800 6711 ffff 3e12 4511 0049
    0x0000090: b800 4b12 73b2 0079 b800 7d57 1245 1100
    0x00000a0: 4ab8 004b b200 5b12 7fb6 0063 1100 4a3d
    0x00000b0: 1100 003e 9900 381c 1100 4aa0 0016 1d11
    0x00000c0: 0000 a000 0f12 451c 1d04 b800 6711 ffff
    0x00000d0: 3e12 4511 004c b800 4bb8 0083 b800 6f12
    0x00000e0: 4511 004e b800 4ba7 0005 3a04 1d9b 000f
    0x00000f0: 1245 1c1d 03b8 0067 11ff ff3e 1245 1100
    0x0000100: 51b8 004b 2a2b b500 8512 4511 0052 b800
    0x0000110: 4b2a b400 852a b600 8912 4511 0054 b800
    0x0000120: 4b2a 2ab4 0085 57b2 008c b600 8f12 4511
    0x0000130: 0055 b800 4b2a 1101 d611 0190 b600 9312
    0x0000140: 4511 0057 b800 4b2a 06b6 0097 1245 1100
    0x0000150: 58b8 004b 2a01 b600 9b12 4511 0059 b800
    0x0000160: 4b2a 2a12 9db6 00a1 b600 a512 4511 005c
    0x0000170: b800 4b2a bb00 a759 2ab7 00a9 b500 ab12
    0x0000180: 4511 005e b800 4b2a bb00 ad59 2ab7 00ae
    0x0000190: b500 b012 4511 0060 b800 4b2a bb00 b259
    0x00001a0: 2ab7 00b3 b500 b512 4511 0062 b800 4b2a
    0x00001b0: bb00 b759 2ab7 00b8 b500 ba12 4511 0067
    0x00001c0: b800 4bbb 00bc 59b7 00bd 3a04 1245 1100
    0x00001d0: 68b8 004b 1904 bb00 bf59 1904 04b7 00c2
    0x00001e0: b600 c612 4511 0069 b800 4b19 0412 c7b6
    0x00001f0: 00cb 1245 1100 6cb8 004b 1904 2ab4 00ab
    0x0000200: b600 cf57 1245 1100 6fb8 004b bb00 3259
    0x0000210: 2a01 b700 d23a 0512 4511 0070 b800 4bbb
    0x0000220: 0020 592a 01b7 00d3 3a06 1245 1100 71b8
    0x0000230: 004b bb00 1d59 2a01 b700 d43a 0712 4511
    0x0000240: 0072 b800 4bbb 001a 592a 01b7 00d5 3a08
    0x0000250: 1245 1100 73b8 004b bb00 1759 2a01 b700
    0x0000260: d63a 0912 4511 0075 b800 4b2a b400 abb4
    0x0000270: 00da 1909 b600 e012 4511 0076 b800 4b2a
    0x0000280: b400 abb4 00e4 1905 b600 ea12 4511 0077
    0x0000290: b800 4b2a b400 abb4 00ed 1906 b600 ea12
    0x00002a0: 4511 0078 b800 4b2a b400 abb4 00f0 1907
    0x00002b0: b600 ea12 4511 007a b800 4bbb 002f 592a
    0x00002c0: 01b7 00f1 3a0a 1245 1100 7bb8 004b bb00
    0x00002d0: 2c59 2a01 b700 f23a 0b12 4511 007c b800
    0x00002e0: 4bbb 00f4 592a b400 abb4 00da 190a b700
    0x00002f0: f73a 0c12 4511 007d b800 4bbb 00f4 592a
    0x0000300: b400 abb4 00fa 190b b700 f73a 0d12 4511
    0x0000310: 0082 b800 4bbb 00fc 59b7 00fd 3a0e 1245
    0x0000320: 1100 85b8 004b 190e 12ff b801 05bb 0107
    0x0000330: 592a 1301 09b6 00a1 b701 0b2a b400 b0b6
    0x0000340: 010f 1245 1100 87b8 004b bb00 2659 2a01
    0x0000350: b701 103a 0f12 4511 0088 b800 4b2a b400
    0x0000360: b0b4 0114 190f b601 1712 4511 0089 b800
    0x0000370: 4b2a b400 b0b4 011a 190f b601 1712 4511
    0x0000380: 008a b800 4b2a b400 b0b4 011d 190f b601
    0x0000390: 1712 4511 008b b800 4b2a b400 b0b4 0120
    0x00003a0: 190f b601 1712 4511 008c b800 4b2a b400
    0x00003b0: b0b4 0123 190f b601 1712 4511 008e b800
    0x00003c0: 4b19 0e13 0125 b801 05bb 0107 592a 1301
    0x00003d0: 27b6 00a1 b701 0b2a b400 b5b6 010f 1245
    0x00003e0: 1100 90b8 004b bb00 2359 2a01 b701 283a
    0x00003f0: 1012 4511 0091 b800 4b2a b400 b5b4 012b
    0x0000400: 1910 b601 1712 4511 0092 b800 4b2a b400
    0x0000410: b5b4 012e 1910 b601 1712 4511 0095 b800
    0x0000420: 4b19 0e13 0130 b801 05bb 0107 592a 1301
    0x0000430: 32b6 00a1 b701 0b2a b400 bab6 010f 1245
    0x0000440: 1100 97b8 004b bb00 1459 2a01 b701 333a
    0x0000450: 1112 4511 0098 b800 4bbb 000b 592a 01b7
    0x0000460: 0134 3a12 1245 1100 9ab8 004b 2ab4 00ba
    0x0000470: b401 3819 11b6 013b 1245 1100 9bb8 004b
    0x0000480: 2ab4 00ba b401 3e19 12b6 013b 1245 1100
    0x0000490: 9cb8 004b 2ab4 00ba b401 4119 08b6 00ea
    0x00004a0: 1245 1100 9db8 004b 2ab4 00ba b401 45bb
    0x00004b0: 0011 592a 01b7 0146 b601 4912 4511 009e
    0x00004c0: b800 4bbb 000e 592a 01b7 014a 3a13 1245
    0x00004d0: 1100 9fb8 004b 2ab4 00ba b401 4e19 13b6
    0x00004e0: 0154 1245 1100 a0b8 004b 2ab4 00ba b401
    0x00004f0: 5719 13b6 013b 1245 1100 a2b8 004b 1904
    0x0000500: 190e b600 cf57 1245 1100 a5b8 004b 2ab6
    0x0000510: 015b 1904 b601 5e57 1245 1100 a6b8 004b
    0x0000520: 2a04 b601 6212 4511 00a9 b800 4bbb 0029
    0x0000530: 592a 1101 f4b7 0165 3a14 1245 1100 aab8
    0x0000540: 004b 1914 b601 6812 4511 00ac b800 4bb1
    0x0000550:                                        
  Exception Handler Table:
    bci [68, 107] =&gt; handler: 118
    bci [183, 223] =&gt; handler: 234
  Stackmap Table:
    full_frame(@118,{Object[#2],Object[#113]},{Object[#67]})
    same_frame(@147)
    same_locals_1_stack_item_extended(@234,Object[#67])
    same_frame(@260)

	at java.lang.Class.forName0(Native Method)
	at java.lang.Class.forName(Class.java:264)
</error>

      <system-out><![CDATA[]]></system-out>

      <system-err><![CDATA[]]></system-err>

  </testsuite>
  <testsuite errors="1" failures="0" hostname="YASIN-PC" id="12" name="OptionsPanel" package="minicopier.gui" skipped="0" tests="1" time="0.071" timestamp="2017-08-13T13:47:21">
      <properties>
[...]
</properties>

      <testcase classname="minicopier.gui.OptionsPanel" name="initializationError" time="0.008">
          <error message="org/hamcrest/SelfDescribing" type="java.lang.NoClassDefFoundError">java.lang.NoClassDefFoundError: org/hamcrest/SelfDescribing
	at java.lang.ClassLoader.defineClass1(Native Method)
	at java.lang.ClassLoader.defineClass(ClassLoader.java:763)
	at java.security.SecureClassLoader.defineClass(SecureClassLoader.java:142)
	at java.net.URLClassLoader.defineClass(URLClassLoader.java:467)
	at java.net.URLClassLoader.access$100(URLClassLoader.java:73)
	at java.net.URLClassLoader$1.run(URLClassLoader.java:368)
	at java.net.URLClassLoader$1.run(URLClassLoader.java:362)
	at java.security.AccessController.doPrivileged(Native Method)
	at java.net.URLClassLoader.findClass(URLClassLoader.java:361)
	at java.lang.ClassLoader.loadClass(ClassLoader.java:424)
	at sun.misc.Launcher$AppClassLoader.loadClass(Launcher.java:335)
	at java.lang.ClassLoader.loadClass(ClassLoader.java:357)
	at java.lang.reflect.Constructor.newInstance(Constructor.java:423)
Caused by: java.lang.ClassNotFoundException: org.hamcrest.SelfDescribing
	at java.net.URLClassLoader.findClass(URLClassLoader.java:381)
	at java.lang.ClassLoader.loadClass(ClassLoader.java:424)
	at sun.misc.Launcher$AppClassLoader.loadClass(Launcher.java:335)
	at java.lang.ClassLoader.loadClass(ClassLoader.java:357)
</error>

      </testcase>

      <system-out><![CDATA[]]></system-out>

      <system-err><![CDATA[]]></system-err>

  </testsuite>
  <testsuite errors="1" failures="0" hostname="YASIN-PC" id="13" name="QueueJButton" package="minicopier.gui" skipped="0" tests="1" time="0.069" timestamp="2017-08-13T13:47:22">
      <properties>
[...]
</properties>

      <testcase classname="minicopier.gui.QueueJButton" name="initializationError" time="0.006">
          <error message="org/hamcrest/SelfDescribing" type="java.lang.NoClassDefFoundError">java.lang.NoClassDefFoundError: org/hamcrest/SelfDescribing
	at java.lang.ClassLoader.defineClass1(Native Method)
	at java.lang.ClassLoader.defineClass(ClassLoader.java:763)
	at java.security.SecureClassLoader.defineClass(SecureClassLoader.java:142)
	at java.net.URLClassLoader.defineClass(URLClassLoader.java:467)
	at java.net.URLClassLoader.access$100(URLClassLoader.java:73)
	at java.net.URLClassLoader$1.run(URLClassLoader.java:368)
	at java.net.URLClassLoader$1.run(URLClassLoader.java:362)
	at java.security.AccessController.doPrivileged(Native Method)
	at java.net.URLClassLoader.findClass(URLClassLoader.java:361)
	at java.lang.ClassLoader.loadClass(ClassLoader.java:424)
	at sun.misc.Launcher$AppClassLoader.loadClass(Launcher.java:335)
	at java.lang.ClassLoader.loadClass(ClassLoader.java:357)
	at java.lang.reflect.Constructor.newInstance(Constructor.java:423)
Caused by: java.lang.ClassNotFoundException: org.hamcrest.SelfDescribing
	at java.net.URLClassLoader.findClass(URLClassLoader.java:381)
	at java.lang.ClassLoader.loadClass(ClassLoader.java:424)
	at sun.misc.Launcher$AppClassLoader.loadClass(Launcher.java:335)
	at java.lang.ClassLoader.loadClass(ClassLoader.java:357)
</error>

      </testcase>

      <system-out><![CDATA[]]></system-out>

      <system-err><![CDATA[]]></system-err>

  </testsuite>
  <testsuite errors="1" failures="0" hostname="YASIN-PC" id="14" name="SupPanel" package="minicopier.gui" skipped="0" tests="1" time="0.06" timestamp="2017-08-13T13:47:22">
      <properties>
[...]
</properties>

      <testcase classname="minicopier.gui.SupPanel" name="initializationError" time="0.0">
          <error message="org/hamcrest/SelfDescribing" type="java.lang.NoClassDefFoundError">java.lang.NoClassDefFoundError: org/hamcrest/SelfDescribing
	at java.lang.ClassLoader.defineClass1(Native Method)
	at java.lang.ClassLoader.defineClass(ClassLoader.java:763)
	at java.security.SecureClassLoader.defineClass(SecureClassLoader.java:142)
	at java.net.URLClassLoader.defineClass(URLClassLoader.java:467)
	at java.net.URLClassLoader.access$100(URLClassLoader.java:73)
	at java.net.URLClassLoader$1.run(URLClassLoader.java:368)
	at java.net.URLClassLoader$1.run(URLClassLoader.java:362)
	at java.security.AccessController.doPrivileged(Native Method)
	at java.net.URLClassLoader.findClass(URLClassLoader.java:361)
	at java.lang.ClassLoader.loadClass(ClassLoader.java:424)
	at sun.misc.Launcher$AppClassLoader.loadClass(Launcher.java:335)
	at java.lang.ClassLoader.loadClass(ClassLoader.java:357)
	at java.lang.reflect.Constructor.newInstance(Constructor.java:423)
Caused by: java.lang.ClassNotFoundException: org.hamcrest.SelfDescribing
	at java.net.URLClassLoader.findClass(URLClassLoader.java:381)
	at java.lang.ClassLoader.loadClass(ClassLoader.java:424)
	at sun.misc.Launcher$AppClassLoader.loadClass(Launcher.java:335)
	at java.lang.ClassLoader.loadClass(ClassLoader.java:357)
</error>

      </testcase>

      <system-out><![CDATA[]]></system-out>

      <system-err><![CDATA[]]></system-err>

  </testsuite>
  <testsuite errors="1" failures="0" hostname="YASIN-PC" id="15" name="TransfersPanel" package="minicopier.gui" skipped="0" tests="1" time="0.07" timestamp="2017-08-13T13:47:23">
      <properties>
[...]
</properties>

      <testcase classname="minicopier.gui.TransfersPanel" name="initializationError" time="0.007">
          <error message="org/hamcrest/SelfDescribing" type="java.lang.NoClassDefFoundError">java.lang.NoClassDefFoundError: org/hamcrest/SelfDescribing
	at java.lang.ClassLoader.defineClass1(Native Method)
	at java.lang.ClassLoader.defineClass(ClassLoader.java:763)
	at java.security.SecureClassLoader.defineClass(SecureClassLoader.java:142)
	at java.net.URLClassLoader.defineClass(URLClassLoader.java:467)
	at java.net.URLClassLoader.access$100(URLClassLoader.java:73)
	at java.net.URLClassLoader$1.run(URLClassLoader.java:368)
	at java.net.URLClassLoader$1.run(URLClassLoader.java:362)
	at java.security.AccessController.doPrivileged(Native Method)
	at java.net.URLClassLoader.findClass(URLClassLoader.java:361)
	at java.lang.ClassLoader.loadClass(ClassLoader.java:424)
	at sun.misc.Launcher$AppClassLoader.loadClass(Launcher.java:335)
	at java.lang.ClassLoader.loadClass(ClassLoader.java:357)
	at java.lang.reflect.Constructor.newInstance(Constructor.java:423)
Caused by: java.lang.ClassNotFoundException: org.hamcrest.SelfDescribing
	at java.net.URLClassLoader.findClass(URLClassLoader.java:381)
	at java.lang.ClassLoader.loadClass(ClassLoader.java:424)
	at sun.misc.Launcher$AppClassLoader.loadClass(Launcher.java:335)
	at java.lang.ClassLoader.loadClass(ClassLoader.java:357)
</error>

      </testcase>

      <system-out><![CDATA[]]></system-out>

      <system-err><![CDATA[]]></system-err>

  </testsuite>
  <testsuite errors="1" failures="0" hostname="YASIN-PC" id="16" name="Language" package="minicopier.i18n" skipped="0" tests="1" time="0.0" timestamp="2017-08-13T13:47:23">
      <properties>
[...]
</properties>

      <error message="Expecting a stackmap frame at branch target 72&#xa;Exception Details:&#xa;  Location:&#xa;    minicopier/i18n/Language.init(Ljava/lang/String;)V @28: ifeq&#xa;  Reason:&#xa;    Expected stackmap frame at this location.&#xa;  Bytecode:&#xa;    0x0000000: 033c 11ff ff3d 120d 1100 24b8 0013 2a12&#xa;    0x0000010: 1eb6 0024 1100 243c 1100 003d 9900 2c1b&#xa;    0x0000020: 1100 24a0 0016 1c11 0000 a000 0f12 0d1b&#xa;    0x0000030: 1c04 b800 2811 ffff 3d12 0d11 0025 b800&#xa;    0x0000040: 13b8 002e 4ea7 0024 1c9b 000f 120d 1b1c&#xa;    0x0000050: 03b8 0028 11ff ff3d 120d 1100 27b8 0013&#xa;    0x0000060: bb00 2a59 2ab7 0030 4e12 0d11 002a b800&#xa;    0x0000070: 1312 322d b800 38b3 003a 120d 1100 2db8&#xa;    0x0000080: 0013 b1                                &#xa;  Stackmap Table:&#xa;    same_frame_extended(@96)&#xa;    append_frame(@113,Object[#42])&#xa;" type="java.lang.VerifyError">java.lang.VerifyError: Expecting a stackmap frame at branch target 72
Exception Details:
  Location:
    minicopier/i18n/Language.init(Ljava/lang/String;)V @28: ifeq
  Reason:
    Expected stackmap frame at this location.
  Bytecode:
    0x0000000: 033c 11ff ff3d 120d 1100 24b8 0013 2a12
    0x0000010: 1eb6 0024 1100 243c 1100 003d 9900 2c1b
    0x0000020: 1100 24a0 0016 1c11 0000 a000 0f12 0d1b
    0x0000030: 1c04 b800 2811 ffff 3d12 0d11 0025 b800
    0x0000040: 13b8 002e 4ea7 0024 1c9b 000f 120d 1b1c
    0x0000050: 03b8 0028 11ff ff3d 120d 1100 27b8 0013
    0x0000060: bb00 2a59 2ab7 0030 4e12 0d11 002a b800
    0x0000070: 1312 322d b800 38b3 003a 120d 1100 2db8
    0x0000080: 0013 b1                                
  Stackmap Table:
    same_frame_extended(@96)
    append_frame(@113,Object[#42])

	at java.lang.Class.forName0(Native Method)
	at java.lang.Class.forName(Class.java:264)
</error>

      <system-out><![CDATA[]]></system-out>

      <system-err><![CDATA[]]></system-err>

  </testsuite>
</testsuites>
