<?xml version="1.0" encoding="UTF-8" ?>
<testsuite errors="1" failures="0" hostname="YASIN-PC" name="minicopier.Configuration" skipped="0" tests="1" time="0.0" timestamp="2017-08-13T13:47:17">
  <properties>
[...]
</properties>
  <error message="Expecting a stackmap frame at branch target 172&#xa;Exception Details:&#xa;  Location:&#xa;    minicopier/Configuration.&lt;init&gt;()V @103: ifne&#xa;  Reason:&#xa;    Expected stackmap frame at this location.&#xa;  Bytecode:&#xa;    0x0000000: 033c 11ff ff3d 121b 1100 40b8 0021 2ab7&#xa;    0x0000010: 0023 121b 1100 42b8 0021 2a57 03b3 0025&#xa;    0x0000020: 121b 1100 44b8 0021 2a57 1226 b300 2812&#xa;    0x0000030: 1b11 0046 b800 21bb 002a 59b7 002b 4e12&#xa;    0x0000040: 1b11 0048 b800 21bb 002d 5912 0bb7 0030&#xa;    0x0000050: 3a04 121b 1100 4ab8 0021 1904 b600 3411&#xa;    0x0000060: 004a 3c11 0000 3d9a 0045 1b11 004a a000&#xa;    0x0000070: 161c 1100 00a0 000f 121b 1b1c 04b8 0038&#xa;    0x0000080: 11ff ff3d 121b 1100 4bb8 0021 b200 3e12&#xa;    0x0000090: 40b6 0045 121b 1100 4cb8 0021 2ab6 0048&#xa;    0x00000a0: 121b 1100 4db8 0021 04b3 004a 1c9b 000f&#xa;    0x00000b0: 121b 1b1c 03b8 0038 11ff ff3d 121b 1100&#xa;    0x00000c0: 51b8 0021 bb00 4c59 120b b700 4d3a 0512&#xa;    0x00000d0: 1b11 0052 b800 212d 1905 b600 5112 1b11&#xa;    0x00000e0: 0053 b800 2119 05b6 0054 121b 1100 56b8&#xa;    0x00000f0: 0021 a700 1a12 1b11 0054 b800 213a 0512&#xa;    0x0000100: 1b11 0055 b800 2119 05b6 0057 121b 1100&#xa;    0x0000110: 58b8 0021 2db8 005b 121b 1100 5ab8 0021&#xa;    0x0000120: b1                                     &#xa;  Exception Handler Table:&#xa;    bci [172, 234] =&gt; handler: 245&#xa;  Stackmap Table:&#xa;    full_frame(@196,{Object[#2],Object[#42],Object[#45]},{})&#xa;    same_locals_1_stack_item_frame(@253,Object[#25])&#xa;    same_frame(@276)&#xa;" type="java.lang.VerifyError">java.lang.VerifyError: Expecting a stackmap frame at branch target 172
Exception Details:
  Location:
    minicopier/Configuration.&lt;init&gt;()V @103: ifne
  Reason:
    Expected stackmap frame at this location.
  Bytecode:
    0x0000000: 033c 11ff ff3d 121b 1100 40b8 0021 2ab7
    0x0000010: 0023 121b 1100 42b8 0021 2a57 03b3 0025
    0x0000020: 121b 1100 44b8 0021 2a57 1226 b300 2812
    0x0000030: 1b11 0046 b800 21bb 002a 59b7 002b 4e12
    0x0000040: 1b11 0048 b800 21bb 002d 5912 0bb7 0030
    0x0000050: 3a04 121b 1100 4ab8 0021 1904 b600 3411
    0x0000060: 004a 3c11 0000 3d9a 0045 1b11 004a a000
    0x0000070: 161c 1100 00a0 000f 121b 1b1c 04b8 0038
    0x0000080: 11ff ff3d 121b 1100 4bb8 0021 b200 3e12
    0x0000090: 40b6 0045 121b 1100 4cb8 0021 2ab6 0048
    0x00000a0: 121b 1100 4db8 0021 04b3 004a 1c9b 000f
    0x00000b0: 121b 1b1c 03b8 0038 11ff ff3d 121b 1100
    0x00000c0: 51b8 0021 bb00 4c59 120b b700 4d3a 0512
    0x00000d0: 1b11 0052 b800 212d 1905 b600 5112 1b11
    0x00000e0: 0053 b800 2119 05b6 0054 121b 1100 56b8
    0x00000f0: 0021 a700 1a12 1b11 0054 b800 213a 0512
    0x0000100: 1b11 0055 b800 2119 05b6 0057 121b 1100
    0x0000110: 58b8 0021 2db8 005b 121b 1100 5ab8 0021
    0x0000120: b1                                     
  Exception Handler Table:
    bci [172, 234] =&gt; handler: 245
  Stackmap Table:
    full_frame(@196,{Object[#2],Object[#42],Object[#45]},{})
    same_locals_1_stack_item_frame(@253,Object[#25])
    same_frame(@276)

	at java.lang.Class.forName0(Native Method)
	at java.lang.Class.forName(Class.java:264)
</error>
  <system-out><![CDATA[]]></system-out>
  <system-err><![CDATA[]]></system-err>
</testsuite>
